ARM GAS  C:\Users\hari\AppData\Local\Temp\cccJHvMo.s 			page 1


   1              		.syntax unified
   2              		.cpu cortex-m3
   3              		.fpu softvfp
   4              		.eabi_attribute 20, 1
   5              		.eabi_attribute 21, 1
   6              		.eabi_attribute 23, 3
   7              		.eabi_attribute 24, 1
   8              		.eabi_attribute 25, 1
   9              		.eabi_attribute 26, 1
  10              		.eabi_attribute 30, 1
  11              		.eabi_attribute 34, 1
  12              		.eabi_attribute 18, 4
  13              		.thumb
  14              		.file	"cymetadata.c"
  15              		.text
  16              	.Ltext0:
  17              		.cfi_sections	.debug_frame
  18              		.global	cy_metadata
  19              		.global	cy_meta_flashprotect
  20              		.global	cy_meta_wonvl
  21              		.global	cy_meta_custnvl
  22              		.global	cy_meta_configecc
  23              		.section	.cyconfigecc,"a",%progbits
  24              		.align	2
  25              		.type	cy_meta_configecc, %object
  26              		.size	cy_meta_configecc, 304
  27              	cy_meta_configecc:
  28 0000 01       		.byte	1
  29 0001 05       		.byte	5
  30 0002 01       		.byte	1
  31 0003 40       		.byte	64
  32 0004 01       		.byte	1
  33 0005 07       		.byte	7
  34 0006 01       		.byte	1
  35 0007 40       		.byte	64
  36 0008 04       		.byte	4
  37 0009 09       		.byte	9
  38 000a 01       		.byte	1
  39 000b 40       		.byte	64
  40 000c 28       		.byte	40
  41 000d 0A       		.byte	10
  42 000e 01       		.byte	1
  43 000f 40       		.byte	64
  44 0010 21       		.byte	33
  45 0011 0B       		.byte	11
  46 0012 01       		.byte	1
  47 0013 40       		.byte	64
  48 0014 07       		.byte	7
  49 0015 40       		.byte	64
  50 0016 01       		.byte	1
  51 0017 40       		.byte	64
  52 0018 02       		.byte	2
  53 0019 41       		.byte	65
  54 001a 01       		.byte	1
  55 001b 40       		.byte	64
  56 001c 04       		.byte	4
  57 001d 42       		.byte	66
ARM GAS  C:\Users\hari\AppData\Local\Temp\cccJHvMo.s 			page 2


  58 001e 01       		.byte	1
  59 001f 40       		.byte	64
  60 0020 02       		.byte	2
  61 0021 43       		.byte	67
  62 0022 01       		.byte	1
  63 0023 40       		.byte	64
  64 0024 09       		.byte	9
  65 0025 46       		.byte	70
  66 0026 01       		.byte	1
  67 0027 40       		.byte	64
  68 0028 0B       		.byte	11
  69 0029 47       		.byte	71
  70 002a 01       		.byte	1
  71 002b 40       		.byte	64
  72 002c 02       		.byte	2
  73 002d 50       		.byte	80
  74 002e 01       		.byte	1
  75 002f 40       		.byte	64
  76 0030 02       		.byte	2
  77 0031 51       		.byte	81
  78 0032 01       		.byte	1
  79 0033 40       		.byte	64
  80 0034 E2       		.byte	-30
  81 0035 02       		.byte	2
  82 0036 EA       		.byte	-22
  83 0037 02       		.byte	2
  84 0038 AF       		.byte	-81
  85 0039 80       		.byte	-128
  86 003a B0       		.byte	-80
  87 003b 40       		.byte	64
  88 003c B2       		.byte	-78
  89 003d 10       		.byte	16
  90 003e B4       		.byte	-76
  91 003f 40       		.byte	64
  92 0040 84       		.byte	-124
  93 0041 04       		.byte	4
  94 0042 8E       		.byte	-114
  95 0043 01       		.byte	1
  96 0044 8F       		.byte	-113
  97 0045 01       		.byte	1
  98 0046 92       		.byte	-110
  99 0047 01       		.byte	1
 100 0048 93       		.byte	-109
 101 0049 01       		.byte	1
 102 004a 94       		.byte	-108
 103 004b 18       		.byte	24
 104 004c 9C       		.byte	-100
 105 004d 02       		.byte	2
 106 004e 9E       		.byte	-98
 107 004f 04       		.byte	4
 108 0050 A0       		.byte	-96
 109 0051 03       		.byte	3
 110 0052 A4       		.byte	-92
 111 0053 10       		.byte	16
 112 0054 A8       		.byte	-88
 113 0055 08       		.byte	8
 114 0056 B0       		.byte	-80
ARM GAS  C:\Users\hari\AppData\Local\Temp\cccJHvMo.s 			page 3


 115 0057 04       		.byte	4
 116 0058 B1       		.byte	-79
 117 0059 01       		.byte	1
 118 005a B2       		.byte	-78
 119 005b 08       		.byte	8
 120 005c B4       		.byte	-76
 121 005d 10       		.byte	16
 122 005e B6       		.byte	-74
 123 005f 03       		.byte	3
 124 0060 B8       		.byte	-72
 125 0061 A8       		.byte	-88
 126 0062 BE       		.byte	-66
 127 0063 15       		.byte	21
 128 0064 C0       		.byte	-64
 129 0065 01       		.byte	1
 130 0066 C6       		.byte	-58
 131 0067 52       		.byte	82
 132 0068 C7       		.byte	-57
 133 0069 01       		.byte	1
 134 006a C8       		.byte	-56
 135 006b 1C       		.byte	28
 136 006c C9       		.byte	-55
 137 006d FF       		.byte	-1
 138 006e CA       		.byte	-54
 139 006f FF       		.byte	-1
 140 0070 CB       		.byte	-53
 141 0071 FF       		.byte	-1
 142 0072 CC       		.byte	-52
 143 0073 EA       		.byte	-22
 144 0074 CD       		.byte	-51
 145 0075 A4       		.byte	-92
 146 0076 CF       		.byte	-49
 147 0077 04       		.byte	4
 148 0078 D0       		.byte	-48
 149 0079 08       		.byte	8
 150 007a D2       		.byte	-46
 151 007b 8F       		.byte	-113
 152 007c D3       		.byte	-45
 153 007d 08       		.byte	8
 154 007e D8       		.byte	-40
 155 007f 04       		.byte	4
 156 0080 D9       		.byte	-39
 157 0081 0C       		.byte	12
 158 0082 DA       		.byte	-38
 159 0083 0C       		.byte	12
 160 0084 DB       		.byte	-37
 161 0085 04       		.byte	4
 162 0086 DF       		.byte	-33
 163 0087 01       		.byte	1
 164 0088 E0       		.byte	-32
 165 0089 40       		.byte	64
 166 008a E1       		.byte	-31
 167 008b EC       		.byte	-20
 168 008c E2       		.byte	-30
 169 008d 40       		.byte	64
 170 008e E3       		.byte	-29
 171 008f 40       		.byte	64
ARM GAS  C:\Users\hari\AppData\Local\Temp\cccJHvMo.s 			page 4


 172 0090 06       		.byte	6
 173 0091 10       		.byte	16
 174 0092 07       		.byte	7
 175 0093 01       		.byte	1
 176 0094 0C       		.byte	12
 177 0095 08       		.byte	8
 178 0096 0D       		.byte	13
 179 0097 80       		.byte	-128
 180 0098 0F       		.byte	15
 181 0099 80       		.byte	-128
 182 009a 15       		.byte	21
 183 009b 01       		.byte	1
 184 009c 17       		.byte	23
 185 009d 14       		.byte	20
 186 009e 1C       		.byte	28
 187 009f 80       		.byte	-128
 188 00a0 1D       		.byte	29
 189 00a1 A0       		.byte	-96
 190 00a2 1E       		.byte	30
 191 00a3 20       		.byte	32
 192 00a4 24       		.byte	36
 193 00a5 80       		.byte	-128
 194 00a6 27       		.byte	39
 195 00a7 80       		.byte	-128
 196 00a8 37       		.byte	55
 197 00a9 01       		.byte	1
 198 00aa 3F       		.byte	63
 199 00ab 80       		.byte	-128
 200 00ac 45       		.byte	69
 201 00ad 80       		.byte	-128
 202 00ae 54       		.byte	84
 203 00af 08       		.byte	8
 204 00b0 56       		.byte	86
 205 00b1 10       		.byte	16
 206 00b2 57       		.byte	87
 207 00b3 40       		.byte	64
 208 00b4 6D       		.byte	109
 209 00b5 01       		.byte	1
 210 00b6 6F       		.byte	111
 211 00b7 17       		.byte	23
 212 00b8 75       		.byte	117
 213 00b9 02       		.byte	2
 214 00ba 76       		.byte	118
 215 00bb 80       		.byte	-128
 216 00bc 7F       		.byte	127
 217 00bd 02       		.byte	2
 218 00be 86       		.byte	-122
 219 00bf 80       		.byte	-128
 220 00c0 89       		.byte	-119
 221 00c1 02       		.byte	2
 222 00c2 8D       		.byte	-115
 223 00c3 20       		.byte	32
 224 00c4 C0       		.byte	-64
 225 00c5 A0       		.byte	-96
 226 00c6 C2       		.byte	-62
 227 00c7 B0       		.byte	-80
 228 00c8 C4       		.byte	-60
ARM GAS  C:\Users\hari\AppData\Local\Temp\cccJHvMo.s 			page 5


 229 00c9 70       		.byte	112
 230 00ca CC       		.byte	-52
 231 00cb 80       		.byte	-128
 232 00cc CE       		.byte	-50
 233 00cd 10       		.byte	16
 234 00ce D0       		.byte	-48
 235 00cf 10       		.byte	16
 236 00d0 DE       		.byte	-34
 237 00d1 10       		.byte	16
 238 00d2 27       		.byte	39
 239 00d3 80       		.byte	-128
 240 00d4 37       		.byte	55
 241 00d5 80       		.byte	-128
 242 00d6 3B       		.byte	59
 243 00d7 04       		.byte	4
 244 00d8 3E       		.byte	62
 245 00d9 80       		.byte	-128
 246 00da C8       		.byte	-56
 247 00db 80       		.byte	-128
 248 00dc CC       		.byte	-52
 249 00dd 20       		.byte	32
 250 00de CE       		.byte	-50
 251 00df 60       		.byte	96
 252 00e0 97       		.byte	-105
 253 00e1 04       		.byte	4
 254 00e2 9E       		.byte	-98
 255 00e3 80       		.byte	-128
 256 00e4 86       		.byte	-122
 257 00e5 80       		.byte	-128
 258 00e6 97       		.byte	-105
 259 00e7 04       		.byte	4
 260 00e8 9E       		.byte	-98
 261 00e9 80       		.byte	-128
 262 00ea E2       		.byte	-30
 263 00eb 40       		.byte	64
 264 00ec AF       		.byte	-81
 265 00ed 04       		.byte	4
 266 00ee EA       		.byte	-22
 267 00ef 40       		.byte	64
 268 00f0 59       		.byte	89
 269 00f1 08       		.byte	8
 270 00f2 5B       		.byte	91
 271 00f3 80       		.byte	-128
 272 00f4 5D       		.byte	93
 273 00f5 10       		.byte	16
 274 00f6 89       		.byte	-119
 275 00f7 08       		.byte	8
 276 00f8 8F       		.byte	-113
 277 00f9 40       		.byte	64
 278 00fa D4       		.byte	-44
 279 00fb 01       		.byte	1
 280 00fc D6       		.byte	-42
 281 00fd 06       		.byte	6
 282 00fe E0       		.byte	-32
 283 00ff 01       		.byte	1
 284 0100 E4       		.byte	-28
 285 0101 02       		.byte	2
ARM GAS  C:\Users\hari\AppData\Local\Temp\cccJHvMo.s 			page 6


 286 0102 60       		.byte	96
 287 0103 01       		.byte	1
 288 0104 63       		.byte	99
 289 0105 80       		.byte	-128
 290 0106 90       		.byte	-112
 291 0107 01       		.byte	1
 292 0108 A3       		.byte	-93
 293 0109 40       		.byte	64
 294 010a B1       		.byte	-79
 295 010b 10       		.byte	16
 296 010c B3       		.byte	-77
 297 010d 80       		.byte	-128
 298 010e B4       		.byte	-76
 299 010f 01       		.byte	1
 300 0110 D6       		.byte	-42
 301 0111 02       		.byte	2
 302 0112 D8       		.byte	-40
 303 0113 02       		.byte	2
 304 0114 E8       		.byte	-24
 305 0115 01       		.byte	1
 306 0116 EC       		.byte	-20
 307 0117 0C       		.byte	12
 308 0118 00       		.byte	0
 309 0119 01       		.byte	1
 310 011a 0C       		.byte	12
 311 011b 01       		.byte	1
 312 011c 00       		.byte	0
 313 011d 09       		.byte	9
 314 011e 10       		.byte	16
 315 011f 0A       		.byte	10
 316 0120 37       		.byte	55
 317 0121 00       		.byte	0
 318 0122 00       		.byte	0
 319 0123 37       		.byte	55
 320 0124 37       		.byte	55
 321 0125 00       		.byte	0
 322 0126 00       		.byte	0
 323 0127 00       		.byte	0
 324 0128 7F       		.byte	127
 325 0129 00       		.byte	0
 326 012a 00       		.byte	0
 327 012b 00       		.byte	0
 328 012c 7F       		.byte	127
 329 012d 00       		.byte	0
 330 012e 00       		.byte	0
 331 012f 00       		.byte	0
 332              		.section	.cywolatch,"a",%progbits
 333              		.align	2
 334              		.type	cy_meta_wonvl, %object
 335              		.size	cy_meta_wonvl, 4
 336              	cy_meta_wonvl:
 337 0000 BC       		.byte	-68
 338 0001 90       		.byte	-112
 339 0002 AC       		.byte	-84
 340 0003 AF       		.byte	-81
 341              		.section	.cycustnvl,"a",%progbits
 342              		.align	2
ARM GAS  C:\Users\hari\AppData\Local\Temp\cccJHvMo.s 			page 7


 343              		.type	cy_meta_custnvl, %object
 344              		.size	cy_meta_custnvl, 4
 345              	cy_meta_custnvl:
 346 0000 00       		.byte	0
 347 0001 00       		.byte	0
 348 0002 40       		.byte	64
 349 0003 05       		.byte	5
 350              		.section	.cymeta,"a",%progbits
 351              		.align	2
 352              		.type	cy_metadata, %object
 353              		.size	cy_metadata, 12
 354              	cy_metadata:
 355 0000 00       		.byte	0
 356 0001 01       		.byte	1
 357 0002 2E       		.byte	46
 358 0003 16       		.byte	22
 359 0004 10       		.byte	16
 360 0005 69       		.byte	105
 361 0006 00       		.byte	0
 362 0007 01       		.byte	1
 363 0008 00       		.byte	0
 364 0009 00       		.byte	0
 365 000a 00       		.byte	0
 366 000b 00       		.byte	0
 367              		.section	.cyflashprotect,"a",%progbits
 368              		.align	2
 369              		.type	cy_meta_flashprotect, %object
 370              		.size	cy_meta_flashprotect, 256
 371              	cy_meta_flashprotect:
 372 0000 00000000 		.space	256
 372      00000000 
 372      00000000 
 372      00000000 
 372      00000000 
 373              		.text
 374              	.Letext0:
 375              		.file 1 ".\\Generated_Source\\PSoC5\\cymetadata.c"
 376              		.file 2 ".\\Generated_Source\\PSoC5\\cytypes.h"
 377              		.section	.debug_info,"",%progbits
 378              	.Ldebug_info0:
 379 0000 36010000 		.4byte	0x136
 380 0004 0400     		.2byte	0x4
 381 0006 00000000 		.4byte	.Ldebug_abbrev0
 382 000a 04       		.byte	0x4
 383 000b 01       		.uleb128 0x1
 384 000c B0000000 		.4byte	.LASF18
 385 0010 01       		.byte	0x1
 386 0011 00000000 		.4byte	.LASF19
 387 0015 82000000 		.4byte	.LASF20
 388 0019 00000000 		.4byte	.Ldebug_line0
 389 001d 02       		.uleb128 0x2
 390 001e 01       		.byte	0x1
 391 001f 06       		.byte	0x6
 392 0020 CC010000 		.4byte	.LASF0
 393 0024 02       		.uleb128 0x2
 394 0025 01       		.byte	0x1
 395 0026 08       		.byte	0x8
ARM GAS  C:\Users\hari\AppData\Local\Temp\cccJHvMo.s 			page 8


 396 0027 38000000 		.4byte	.LASF1
 397 002b 02       		.uleb128 0x2
 398 002c 02       		.byte	0x2
 399 002d 05       		.byte	0x5
 400 002e B3010000 		.4byte	.LASF2
 401 0032 02       		.uleb128 0x2
 402 0033 02       		.byte	0x2
 403 0034 07       		.byte	0x7
 404 0035 58000000 		.4byte	.LASF3
 405 0039 02       		.uleb128 0x2
 406 003a 04       		.byte	0x4
 407 003b 05       		.byte	0x5
 408 003c C3010000 		.4byte	.LASF4
 409 0040 02       		.uleb128 0x2
 410 0041 04       		.byte	0x4
 411 0042 07       		.byte	0x7
 412 0043 46000000 		.4byte	.LASF5
 413 0047 02       		.uleb128 0x2
 414 0048 08       		.byte	0x8
 415 0049 05       		.byte	0x5
 416 004a A0010000 		.4byte	.LASF6
 417 004e 02       		.uleb128 0x2
 418 004f 08       		.byte	0x8
 419 0050 07       		.byte	0x7
 420 0051 4B010000 		.4byte	.LASF7
 421 0055 03       		.uleb128 0x3
 422 0056 04       		.byte	0x4
 423 0057 05       		.byte	0x5
 424 0058 696E7400 		.ascii	"int\000"
 425 005c 02       		.uleb128 0x2
 426 005d 04       		.byte	0x4
 427 005e 07       		.byte	0x7
 428 005f 3E010000 		.4byte	.LASF8
 429 0063 04       		.uleb128 0x4
 430 0064 BD010000 		.4byte	.LASF21
 431 0068 02       		.byte	0x2
 432 0069 B3       		.byte	0xb3
 433 006a 24000000 		.4byte	0x24
 434 006e 02       		.uleb128 0x2
 435 006f 04       		.byte	0x4
 436 0070 04       		.byte	0x4
 437 0071 32000000 		.4byte	.LASF9
 438 0075 02       		.uleb128 0x2
 439 0076 08       		.byte	0x8
 440 0077 04       		.byte	0x4
 441 0078 6B000000 		.4byte	.LASF10
 442 007c 02       		.uleb128 0x2
 443 007d 01       		.byte	0x1
 444 007e 08       		.byte	0x8
 445 007f AE010000 		.4byte	.LASF11
 446 0083 05       		.uleb128 0x5
 447 0084 63000000 		.4byte	0x63
 448 0088 94000000 		.4byte	0x94
 449 008c 06       		.uleb128 0x6
 450 008d 94000000 		.4byte	0x94
 451 0091 2F01     		.2byte	0x12f
 452 0093 00       		.byte	0
ARM GAS  C:\Users\hari\AppData\Local\Temp\cccJHvMo.s 			page 9


 453 0094 02       		.uleb128 0x2
 454 0095 04       		.byte	0x4
 455 0096 07       		.byte	0x7
 456 0097 85010000 		.4byte	.LASF12
 457 009b 07       		.uleb128 0x7
 458 009c 8E010000 		.4byte	.LASF13
 459 00a0 01       		.byte	0x1
 460 00a1 1F       		.byte	0x1f
 461 00a2 AC000000 		.4byte	0xac
 462 00a6 05       		.uleb128 0x5
 463 00a7 03       		.byte	0x3
 464 00a8 00000000 		.4byte	cy_meta_configecc
 465 00ac 08       		.uleb128 0x8
 466 00ad 83000000 		.4byte	0x83
 467 00b1 05       		.uleb128 0x5
 468 00b2 63000000 		.4byte	0x63
 469 00b6 C1000000 		.4byte	0xc1
 470 00ba 09       		.uleb128 0x9
 471 00bb 94000000 		.4byte	0x94
 472 00bf 03       		.byte	0x3
 473 00c0 00       		.byte	0
 474 00c1 07       		.uleb128 0x7
 475 00c2 72000000 		.4byte	.LASF14
 476 00c6 01       		.byte	0x1
 477 00c7 52       		.byte	0x52
 478 00c8 D2000000 		.4byte	0xd2
 479 00cc 05       		.uleb128 0x5
 480 00cd 03       		.byte	0x3
 481 00ce 00000000 		.4byte	cy_meta_custnvl
 482 00d2 08       		.uleb128 0x8
 483 00d3 B1000000 		.4byte	0xb1
 484 00d7 07       		.uleb128 0x7
 485 00d8 77010000 		.4byte	.LASF15
 486 00dc 01       		.byte	0x1
 487 00dd 60       		.byte	0x60
 488 00de E8000000 		.4byte	0xe8
 489 00e2 05       		.uleb128 0x5
 490 00e3 03       		.byte	0x3
 491 00e4 00000000 		.4byte	cy_meta_wonvl
 492 00e8 08       		.uleb128 0x8
 493 00e9 B1000000 		.4byte	0xb1
 494 00ed 05       		.uleb128 0x5
 495 00ee 63000000 		.4byte	0x63
 496 00f2 FD000000 		.4byte	0xfd
 497 00f6 09       		.uleb128 0x9
 498 00f7 94000000 		.4byte	0x94
 499 00fb FF       		.byte	0xff
 500 00fc 00       		.byte	0
 501 00fd 07       		.uleb128 0x7
 502 00fe 62010000 		.4byte	.LASF16
 503 0102 01       		.byte	0x1
 504 0103 6E       		.byte	0x6e
 505 0104 0E010000 		.4byte	0x10e
 506 0108 05       		.uleb128 0x5
 507 0109 03       		.byte	0x3
 508 010a 00000000 		.4byte	cy_meta_flashprotect
 509 010e 08       		.uleb128 0x8
ARM GAS  C:\Users\hari\AppData\Local\Temp\cccJHvMo.s 			page 10


 510 010f ED000000 		.4byte	0xed
 511 0113 05       		.uleb128 0x5
 512 0114 63000000 		.4byte	0x63
 513 0118 23010000 		.4byte	0x123
 514 011c 09       		.uleb128 0x9
 515 011d 94000000 		.4byte	0x94
 516 0121 0B       		.byte	0xb
 517 0122 00       		.byte	0
 518 0123 07       		.uleb128 0x7
 519 0124 26000000 		.4byte	.LASF17
 520 0128 01       		.byte	0x1
 521 0129 9B       		.byte	0x9b
 522 012a 34010000 		.4byte	0x134
 523 012e 05       		.uleb128 0x5
 524 012f 03       		.byte	0x3
 525 0130 00000000 		.4byte	cy_metadata
 526 0134 08       		.uleb128 0x8
 527 0135 13010000 		.4byte	0x113
 528 0139 00       		.byte	0
 529              		.section	.debug_abbrev,"",%progbits
 530              	.Ldebug_abbrev0:
 531 0000 01       		.uleb128 0x1
 532 0001 11       		.uleb128 0x11
 533 0002 01       		.byte	0x1
 534 0003 25       		.uleb128 0x25
 535 0004 0E       		.uleb128 0xe
 536 0005 13       		.uleb128 0x13
 537 0006 0B       		.uleb128 0xb
 538 0007 03       		.uleb128 0x3
 539 0008 0E       		.uleb128 0xe
 540 0009 1B       		.uleb128 0x1b
 541 000a 0E       		.uleb128 0xe
 542 000b 10       		.uleb128 0x10
 543 000c 17       		.uleb128 0x17
 544 000d 00       		.byte	0
 545 000e 00       		.byte	0
 546 000f 02       		.uleb128 0x2
 547 0010 24       		.uleb128 0x24
 548 0011 00       		.byte	0
 549 0012 0B       		.uleb128 0xb
 550 0013 0B       		.uleb128 0xb
 551 0014 3E       		.uleb128 0x3e
 552 0015 0B       		.uleb128 0xb
 553 0016 03       		.uleb128 0x3
 554 0017 0E       		.uleb128 0xe
 555 0018 00       		.byte	0
 556 0019 00       		.byte	0
 557 001a 03       		.uleb128 0x3
 558 001b 24       		.uleb128 0x24
 559 001c 00       		.byte	0
 560 001d 0B       		.uleb128 0xb
 561 001e 0B       		.uleb128 0xb
 562 001f 3E       		.uleb128 0x3e
 563 0020 0B       		.uleb128 0xb
 564 0021 03       		.uleb128 0x3
 565 0022 08       		.uleb128 0x8
 566 0023 00       		.byte	0
ARM GAS  C:\Users\hari\AppData\Local\Temp\cccJHvMo.s 			page 11


 567 0024 00       		.byte	0
 568 0025 04       		.uleb128 0x4
 569 0026 16       		.uleb128 0x16
 570 0027 00       		.byte	0
 571 0028 03       		.uleb128 0x3
 572 0029 0E       		.uleb128 0xe
 573 002a 3A       		.uleb128 0x3a
 574 002b 0B       		.uleb128 0xb
 575 002c 3B       		.uleb128 0x3b
 576 002d 0B       		.uleb128 0xb
 577 002e 49       		.uleb128 0x49
 578 002f 13       		.uleb128 0x13
 579 0030 00       		.byte	0
 580 0031 00       		.byte	0
 581 0032 05       		.uleb128 0x5
 582 0033 01       		.uleb128 0x1
 583 0034 01       		.byte	0x1
 584 0035 49       		.uleb128 0x49
 585 0036 13       		.uleb128 0x13
 586 0037 01       		.uleb128 0x1
 587 0038 13       		.uleb128 0x13
 588 0039 00       		.byte	0
 589 003a 00       		.byte	0
 590 003b 06       		.uleb128 0x6
 591 003c 21       		.uleb128 0x21
 592 003d 00       		.byte	0
 593 003e 49       		.uleb128 0x49
 594 003f 13       		.uleb128 0x13
 595 0040 2F       		.uleb128 0x2f
 596 0041 05       		.uleb128 0x5
 597 0042 00       		.byte	0
 598 0043 00       		.byte	0
 599 0044 07       		.uleb128 0x7
 600 0045 34       		.uleb128 0x34
 601 0046 00       		.byte	0
 602 0047 03       		.uleb128 0x3
 603 0048 0E       		.uleb128 0xe
 604 0049 3A       		.uleb128 0x3a
 605 004a 0B       		.uleb128 0xb
 606 004b 3B       		.uleb128 0x3b
 607 004c 0B       		.uleb128 0xb
 608 004d 49       		.uleb128 0x49
 609 004e 13       		.uleb128 0x13
 610 004f 3F       		.uleb128 0x3f
 611 0050 19       		.uleb128 0x19
 612 0051 02       		.uleb128 0x2
 613 0052 18       		.uleb128 0x18
 614 0053 00       		.byte	0
 615 0054 00       		.byte	0
 616 0055 08       		.uleb128 0x8
 617 0056 26       		.uleb128 0x26
 618 0057 00       		.byte	0
 619 0058 49       		.uleb128 0x49
 620 0059 13       		.uleb128 0x13
 621 005a 00       		.byte	0
 622 005b 00       		.byte	0
 623 005c 09       		.uleb128 0x9
ARM GAS  C:\Users\hari\AppData\Local\Temp\cccJHvMo.s 			page 12


 624 005d 21       		.uleb128 0x21
 625 005e 00       		.byte	0
 626 005f 49       		.uleb128 0x49
 627 0060 13       		.uleb128 0x13
 628 0061 2F       		.uleb128 0x2f
 629 0062 0B       		.uleb128 0xb
 630 0063 00       		.byte	0
 631 0064 00       		.byte	0
 632 0065 00       		.byte	0
 633              		.section	.debug_aranges,"",%progbits
 634 0000 14000000 		.4byte	0x14
 635 0004 0200     		.2byte	0x2
 636 0006 00000000 		.4byte	.Ldebug_info0
 637 000a 04       		.byte	0x4
 638 000b 00       		.byte	0
 639 000c 0000     		.2byte	0
 640 000e 0000     		.2byte	0
 641 0010 00000000 		.4byte	0
 642 0014 00000000 		.4byte	0
 643              		.section	.debug_line,"",%progbits
 644              	.Ldebug_line0:
 645 0000 4F000000 		.section	.debug_str,"MS",%progbits,1
 645      02004900 
 645      00000201 
 645      FB0E0D00 
 645      01010101 
 646              	.LASF19:
 647 0000 2E5C4765 		.ascii	".\\Generated_Source\\PSoC5\\cymetadata.c\000"
 647      6E657261 
 647      7465645F 
 647      536F7572 
 647      63655C50 
 648              	.LASF17:
 649 0026 63795F6D 		.ascii	"cy_metadata\000"
 649      65746164 
 649      61746100 
 650              	.LASF9:
 651 0032 666C6F61 		.ascii	"float\000"
 651      7400
 652              	.LASF1:
 653 0038 756E7369 		.ascii	"unsigned char\000"
 653      676E6564 
 653      20636861 
 653      7200
 654              	.LASF5:
 655 0046 6C6F6E67 		.ascii	"long unsigned int\000"
 655      20756E73 
 655      69676E65 
 655      6420696E 
 655      7400
 656              	.LASF3:
 657 0058 73686F72 		.ascii	"short unsigned int\000"
 657      7420756E 
 657      7369676E 
 657      65642069 
 657      6E7400
 658              	.LASF10:
ARM GAS  C:\Users\hari\AppData\Local\Temp\cccJHvMo.s 			page 13


 659 006b 646F7562 		.ascii	"double\000"
 659      6C6500
 660              	.LASF14:
 661 0072 63795F6D 		.ascii	"cy_meta_custnvl\000"
 661      6574615F 
 661      63757374 
 661      6E766C00 
 662              	.LASF20:
 663 0082 453A5C70 		.ascii	"E:\\psoc\\LEDMatrix_Video\\LEDMatrix_Video.cydsn\000"
 663      736F635C 
 663      4C45444D 
 663      61747269 
 663      785F5669 
 664              	.LASF18:
 665 00b0 474E5520 		.ascii	"GNU C 4.9.3 20150303 (release) [ARM/embedded-4_9-br"
 665      4320342E 
 665      392E3320 
 665      32303135 
 665      30333033 
 666 00e3 616E6368 		.ascii	"anch revision 221220] -mcpu=cortex-m3 -mthumb -g -O"
 666      20726576 
 666      6973696F 
 666      6E203232 
 666      31323230 
 667 0116 67202D66 		.ascii	"g -ffunction-sections -ffat-lto-objects\000"
 667      66756E63 
 667      74696F6E 
 667      2D736563 
 667      74696F6E 
 668              	.LASF8:
 669 013e 756E7369 		.ascii	"unsigned int\000"
 669      676E6564 
 669      20696E74 
 669      00
 670              	.LASF7:
 671 014b 6C6F6E67 		.ascii	"long long unsigned int\000"
 671      206C6F6E 
 671      6720756E 
 671      7369676E 
 671      65642069 
 672              	.LASF16:
 673 0162 63795F6D 		.ascii	"cy_meta_flashprotect\000"
 673      6574615F 
 673      666C6173 
 673      6870726F 
 673      74656374 
 674              	.LASF15:
 675 0177 63795F6D 		.ascii	"cy_meta_wonvl\000"
 675      6574615F 
 675      776F6E76 
 675      6C00
 676              	.LASF12:
 677 0185 73697A65 		.ascii	"sizetype\000"
 677      74797065 
 677      00
 678              	.LASF13:
 679 018e 63795F6D 		.ascii	"cy_meta_configecc\000"
ARM GAS  C:\Users\hari\AppData\Local\Temp\cccJHvMo.s 			page 14


 679      6574615F 
 679      636F6E66 
 679      69676563 
 679      6300
 680              	.LASF6:
 681 01a0 6C6F6E67 		.ascii	"long long int\000"
 681      206C6F6E 
 681      6720696E 
 681      7400
 682              	.LASF11:
 683 01ae 63686172 		.ascii	"char\000"
 683      00
 684              	.LASF2:
 685 01b3 73686F72 		.ascii	"short int\000"
 685      7420696E 
 685      7400
 686              	.LASF21:
 687 01bd 75696E74 		.ascii	"uint8\000"
 687      3800
 688              	.LASF4:
 689 01c3 6C6F6E67 		.ascii	"long int\000"
 689      20696E74 
 689      00
 690              	.LASF0:
 691 01cc 7369676E 		.ascii	"signed char\000"
 691      65642063 
 691      68617200 
 692              		.ident	"GCC: (GNU Tools for ARM Embedded Processors) 4.9.3 20150303 (release) [ARM/embedded-4_9-br
