ARM GAS  C:\Users\hari\AppData\Local\Temp\ccw3lSWm.s 			page 1


   1              		.syntax unified
   2              		.cpu cortex-m3
   3              		.fpu softvfp
   4              		.eabi_attribute 20, 1
   5              		.eabi_attribute 21, 1
   6              		.eabi_attribute 23, 3
   7              		.eabi_attribute 24, 1
   8              		.eabi_attribute 25, 1
   9              		.eabi_attribute 26, 1
  10              		.eabi_attribute 30, 1
  11              		.eabi_attribute 34, 1
  12              		.eabi_attribute 18, 4
  13              		.thumb
  14              		.file	"LCD_Seg_1_PM.c"
  15              		.text
  16              	.Ltext0:
  17              		.cfi_sections	.debug_frame
  18              		.section	.text.LCD_Seg_1_SaveConfig,"ax",%progbits
  19              		.align	2
  20              		.global	LCD_Seg_1_SaveConfig
  21              		.thumb
  22              		.thumb_func
  23              		.type	LCD_Seg_1_SaveConfig, %function
  24              	LCD_Seg_1_SaveConfig:
  25              	.LFB0:
  26              		.file 1 ".\\Generated_Source\\PSoC5\\LCD_Seg_1_PM.c"
   1:.\Generated_Source\PSoC5/LCD_Seg_1_PM.c **** /*******************************************************************************
   2:.\Generated_Source\PSoC5/LCD_Seg_1_PM.c **** * File Name: LCD_Seg_1_PM.c
   3:.\Generated_Source\PSoC5/LCD_Seg_1_PM.c **** * Version 3.40
   4:.\Generated_Source\PSoC5/LCD_Seg_1_PM.c **** *
   5:.\Generated_Source\PSoC5/LCD_Seg_1_PM.c **** * Description:
   6:.\Generated_Source\PSoC5/LCD_Seg_1_PM.c **** *  This file provides the API source code for Power Management of the Segment
   7:.\Generated_Source\PSoC5/LCD_Seg_1_PM.c **** *  LCD component.
   8:.\Generated_Source\PSoC5/LCD_Seg_1_PM.c **** *
   9:.\Generated_Source\PSoC5/LCD_Seg_1_PM.c **** * Note:
  10:.\Generated_Source\PSoC5/LCD_Seg_1_PM.c **** *
  11:.\Generated_Source\PSoC5/LCD_Seg_1_PM.c **** ********************************************************************************
  12:.\Generated_Source\PSoC5/LCD_Seg_1_PM.c **** * Copyright 2008-2012, Cypress Semiconductor Corporation.  All rights reserved.
  13:.\Generated_Source\PSoC5/LCD_Seg_1_PM.c **** * You may use this file only in accordance with the license, terms, conditions,
  14:.\Generated_Source\PSoC5/LCD_Seg_1_PM.c **** * disclaimers, and limitations in the end user license agreement accompanying
  15:.\Generated_Source\PSoC5/LCD_Seg_1_PM.c **** * the software package with which this file was provided.
  16:.\Generated_Source\PSoC5/LCD_Seg_1_PM.c **** *******************************************************************************/
  17:.\Generated_Source\PSoC5/LCD_Seg_1_PM.c **** 
  18:.\Generated_Source\PSoC5/LCD_Seg_1_PM.c **** #include "LCD_Seg_1.h"
  19:.\Generated_Source\PSoC5/LCD_Seg_1_PM.c **** 
  20:.\Generated_Source\PSoC5/LCD_Seg_1_PM.c **** 
  21:.\Generated_Source\PSoC5/LCD_Seg_1_PM.c **** 
  22:.\Generated_Source\PSoC5/LCD_Seg_1_PM.c **** static LCD_Seg_1_BACKUP_STRUCT LCD_Seg_1_backup;
  23:.\Generated_Source\PSoC5/LCD_Seg_1_PM.c **** 
  24:.\Generated_Source\PSoC5/LCD_Seg_1_PM.c **** 
  25:.\Generated_Source\PSoC5/LCD_Seg_1_PM.c **** /*******************************************************************************
  26:.\Generated_Source\PSoC5/LCD_Seg_1_PM.c **** * Function Name: LCD_Seg_1_SaveConfig
  27:.\Generated_Source\PSoC5/LCD_Seg_1_PM.c **** ********************************************************************************
  28:.\Generated_Source\PSoC5/LCD_Seg_1_PM.c **** *
  29:.\Generated_Source\PSoC5/LCD_Seg_1_PM.c **** * Summary:
  30:.\Generated_Source\PSoC5/LCD_Seg_1_PM.c **** *  Stores user data. This function is called by the LCD_Seg_1_Sleep()
  31:.\Generated_Source\PSoC5/LCD_Seg_1_PM.c **** *  function prior entering to a Sleep mode.
ARM GAS  C:\Users\hari\AppData\Local\Temp\ccw3lSWm.s 			page 2


  32:.\Generated_Source\PSoC5/LCD_Seg_1_PM.c **** *
  33:.\Generated_Source\PSoC5/LCD_Seg_1_PM.c **** * Parameters:
  34:.\Generated_Source\PSoC5/LCD_Seg_1_PM.c **** *  None.
  35:.\Generated_Source\PSoC5/LCD_Seg_1_PM.c **** *
  36:.\Generated_Source\PSoC5/LCD_Seg_1_PM.c **** * Return:
  37:.\Generated_Source\PSoC5/LCD_Seg_1_PM.c **** *  None.
  38:.\Generated_Source\PSoC5/LCD_Seg_1_PM.c **** *
  39:.\Generated_Source\PSoC5/LCD_Seg_1_PM.c **** *******************************************************************************/
  40:.\Generated_Source\PSoC5/LCD_Seg_1_PM.c **** void LCD_Seg_1_SaveConfig(void) 
  41:.\Generated_Source\PSoC5/LCD_Seg_1_PM.c **** {
  27              		.loc 1 41 0
  28              		.cfi_startproc
  29              		@ args = 0, pretend = 0, frame = 0
  30              		@ frame_needed = 0, uses_anonymous_args = 0
  31              		@ link register save eliminated.
  32 0000 7047     		bx	lr
  33              		.cfi_endproc
  34              	.LFE0:
  35              		.size	LCD_Seg_1_SaveConfig, .-LCD_Seg_1_SaveConfig
  36 0002 00BF     		.section	.text.LCD_Seg_1_RestoreConfig,"ax",%progbits
  37              		.align	2
  38              		.global	LCD_Seg_1_RestoreConfig
  39              		.thumb
  40              		.thumb_func
  41              		.type	LCD_Seg_1_RestoreConfig, %function
  42              	LCD_Seg_1_RestoreConfig:
  43              	.LFB1:
  42:.\Generated_Source\PSoC5/LCD_Seg_1_PM.c ****     /* Nothing to save for current version of the component */
  43:.\Generated_Source\PSoC5/LCD_Seg_1_PM.c **** 
  44:.\Generated_Source\PSoC5/LCD_Seg_1_PM.c ****     /* Optional user code */
  45:.\Generated_Source\PSoC5/LCD_Seg_1_PM.c ****     /*`#START` SAVE_CONFIG_USER_CODE */
  46:.\Generated_Source\PSoC5/LCD_Seg_1_PM.c **** 
  47:.\Generated_Source\PSoC5/LCD_Seg_1_PM.c ****     /*`#END`*/
  48:.\Generated_Source\PSoC5/LCD_Seg_1_PM.c **** 
  49:.\Generated_Source\PSoC5/LCD_Seg_1_PM.c ****     #ifdef LCD_Seg_1_SAVE_CONFIG_CALLBACK
  50:.\Generated_Source\PSoC5/LCD_Seg_1_PM.c ****         LCD_Seg_1_SaveConfig_Callback();
  51:.\Generated_Source\PSoC5/LCD_Seg_1_PM.c ****     #endif /* LCD_Seg_1_SAVE_CONFIG_CALLBACK */
  52:.\Generated_Source\PSoC5/LCD_Seg_1_PM.c **** }
  53:.\Generated_Source\PSoC5/LCD_Seg_1_PM.c **** 
  54:.\Generated_Source\PSoC5/LCD_Seg_1_PM.c **** 
  55:.\Generated_Source\PSoC5/LCD_Seg_1_PM.c **** /*******************************************************************************
  56:.\Generated_Source\PSoC5/LCD_Seg_1_PM.c **** * Function Name: LCD_Seg_1_RestoreConfig
  57:.\Generated_Source\PSoC5/LCD_Seg_1_PM.c **** ********************************************************************************
  58:.\Generated_Source\PSoC5/LCD_Seg_1_PM.c **** *
  59:.\Generated_Source\PSoC5/LCD_Seg_1_PM.c **** * Summary:
  60:.\Generated_Source\PSoC5/LCD_Seg_1_PM.c **** *  Restores user data. This function is called by the LCD_Seg_1_Wakeup()
  61:.\Generated_Source\PSoC5/LCD_Seg_1_PM.c **** *  function after resuming from a Sleep mode.
  62:.\Generated_Source\PSoC5/LCD_Seg_1_PM.c **** *
  63:.\Generated_Source\PSoC5/LCD_Seg_1_PM.c **** * Parameters:
  64:.\Generated_Source\PSoC5/LCD_Seg_1_PM.c **** *  None.
  65:.\Generated_Source\PSoC5/LCD_Seg_1_PM.c **** *
  66:.\Generated_Source\PSoC5/LCD_Seg_1_PM.c **** * Return:
  67:.\Generated_Source\PSoC5/LCD_Seg_1_PM.c **** *  None.
  68:.\Generated_Source\PSoC5/LCD_Seg_1_PM.c **** *
  69:.\Generated_Source\PSoC5/LCD_Seg_1_PM.c **** *******************************************************************************/
  70:.\Generated_Source\PSoC5/LCD_Seg_1_PM.c **** void LCD_Seg_1_RestoreConfig(void) 
  71:.\Generated_Source\PSoC5/LCD_Seg_1_PM.c **** {
ARM GAS  C:\Users\hari\AppData\Local\Temp\ccw3lSWm.s 			page 3


  44              		.loc 1 71 0
  45              		.cfi_startproc
  46              		@ args = 0, pretend = 0, frame = 0
  47              		@ frame_needed = 0, uses_anonymous_args = 0
  48              		@ link register save eliminated.
  49 0000 7047     		bx	lr
  50              		.cfi_endproc
  51              	.LFE1:
  52              		.size	LCD_Seg_1_RestoreConfig, .-LCD_Seg_1_RestoreConfig
  53 0002 00BF     		.section	.text.LCD_Seg_1_Sleep,"ax",%progbits
  54              		.align	2
  55              		.global	LCD_Seg_1_Sleep
  56              		.thumb
  57              		.thumb_func
  58              		.type	LCD_Seg_1_Sleep, %function
  59              	LCD_Seg_1_Sleep:
  60              	.LFB2:
  72:.\Generated_Source\PSoC5/LCD_Seg_1_PM.c ****     /* Nothing to restore for current version of the component */
  73:.\Generated_Source\PSoC5/LCD_Seg_1_PM.c **** 
  74:.\Generated_Source\PSoC5/LCD_Seg_1_PM.c ****     /* Optional user code */
  75:.\Generated_Source\PSoC5/LCD_Seg_1_PM.c ****     /*`#START RESTORE_CONFIG_USER_CODE` */
  76:.\Generated_Source\PSoC5/LCD_Seg_1_PM.c **** 
  77:.\Generated_Source\PSoC5/LCD_Seg_1_PM.c ****     /*`#END`*/
  78:.\Generated_Source\PSoC5/LCD_Seg_1_PM.c **** 
  79:.\Generated_Source\PSoC5/LCD_Seg_1_PM.c ****     #ifdef LCD_Seg_1_RESTORE_CONFIG_CALLBACK
  80:.\Generated_Source\PSoC5/LCD_Seg_1_PM.c ****         LCD_Seg_1_RestoreConfig_Callback();
  81:.\Generated_Source\PSoC5/LCD_Seg_1_PM.c ****     #endif /* LCD_Seg_1_RESTORE_CONFIG_CALLBACK */
  82:.\Generated_Source\PSoC5/LCD_Seg_1_PM.c **** }
  83:.\Generated_Source\PSoC5/LCD_Seg_1_PM.c **** 
  84:.\Generated_Source\PSoC5/LCD_Seg_1_PM.c **** 
  85:.\Generated_Source\PSoC5/LCD_Seg_1_PM.c **** /*******************************************************************************
  86:.\Generated_Source\PSoC5/LCD_Seg_1_PM.c **** * Function Name: LCD_Seg_1_Sleep
  87:.\Generated_Source\PSoC5/LCD_Seg_1_PM.c **** ********************************************************************************
  88:.\Generated_Source\PSoC5/LCD_Seg_1_PM.c **** *
  89:.\Generated_Source\PSoC5/LCD_Seg_1_PM.c **** * Summary:
  90:.\Generated_Source\PSoC5/LCD_Seg_1_PM.c **** *  Prepare the component to enter into a Sleep mode.
  91:.\Generated_Source\PSoC5/LCD_Seg_1_PM.c **** *
  92:.\Generated_Source\PSoC5/LCD_Seg_1_PM.c **** * Parameters:
  93:.\Generated_Source\PSoC5/LCD_Seg_1_PM.c **** *  None.
  94:.\Generated_Source\PSoC5/LCD_Seg_1_PM.c **** *
  95:.\Generated_Source\PSoC5/LCD_Seg_1_PM.c **** * Return:
  96:.\Generated_Source\PSoC5/LCD_Seg_1_PM.c **** *  None.
  97:.\Generated_Source\PSoC5/LCD_Seg_1_PM.c **** *
  98:.\Generated_Source\PSoC5/LCD_Seg_1_PM.c **** * Global variables:
  99:.\Generated_Source\PSoC5/LCD_Seg_1_PM.c **** *  LCD_Seg_1_backup - stores the state of the component.
 100:.\Generated_Source\PSoC5/LCD_Seg_1_PM.c **** *
 101:.\Generated_Source\PSoC5/LCD_Seg_1_PM.c **** * Reentrant:
 102:.\Generated_Source\PSoC5/LCD_Seg_1_PM.c **** *  No.
 103:.\Generated_Source\PSoC5/LCD_Seg_1_PM.c **** *
 104:.\Generated_Source\PSoC5/LCD_Seg_1_PM.c **** *******************************************************************************/
 105:.\Generated_Source\PSoC5/LCD_Seg_1_PM.c **** void LCD_Seg_1_Sleep(void) 
 106:.\Generated_Source\PSoC5/LCD_Seg_1_PM.c **** {
  61              		.loc 1 106 0
  62              		.cfi_startproc
  63              		@ args = 0, pretend = 0, frame = 0
  64              		@ frame_needed = 0, uses_anonymous_args = 0
  65              		.loc 1 106 0
ARM GAS  C:\Users\hari\AppData\Local\Temp\ccw3lSWm.s 			page 4


  66 0000 08B5     		push	{r3, lr}
  67              		.cfi_def_cfa_offset 8
  68              		.cfi_offset 3, -8
  69              		.cfi_offset 14, -4
 107:.\Generated_Source\PSoC5/LCD_Seg_1_PM.c ****     if((LCD_Seg_1_CONTROL_REG & LCD_Seg_1_CNTL_CLK_EN) == LCD_Seg_1_CNTL_CLK_EN)
  70              		.loc 1 107 0
  71 0002 074B     		ldr	r3, .L7
  72 0004 1B78     		ldrb	r3, [r3]	@ zero_extendqisi2
  73 0006 13F0010F 		tst	r3, #1
  74 000a 03D0     		beq	.L4
 108:.\Generated_Source\PSoC5/LCD_Seg_1_PM.c ****     {
 109:.\Generated_Source\PSoC5/LCD_Seg_1_PM.c ****         LCD_Seg_1_backup.enableState = LCD_Seg_1_LCD_STATE_ENABLED;
  75              		.loc 1 109 0
  76 000c 0122     		movs	r2, #1
  77 000e 054B     		ldr	r3, .L7+4
  78 0010 1A70     		strb	r2, [r3]
  79 0012 02E0     		b	.L5
  80              	.L4:
 110:.\Generated_Source\PSoC5/LCD_Seg_1_PM.c ****     }
 111:.\Generated_Source\PSoC5/LCD_Seg_1_PM.c ****     else
 112:.\Generated_Source\PSoC5/LCD_Seg_1_PM.c ****     {
 113:.\Generated_Source\PSoC5/LCD_Seg_1_PM.c ****         LCD_Seg_1_backup.enableState = LCD_Seg_1_LCD_STATE_DISABLED;
  81              		.loc 1 113 0
  82 0014 0022     		movs	r2, #0
  83 0016 034B     		ldr	r3, .L7+4
  84 0018 1A70     		strb	r2, [r3]
  85              	.L5:
 114:.\Generated_Source\PSoC5/LCD_Seg_1_PM.c ****     }
 115:.\Generated_Source\PSoC5/LCD_Seg_1_PM.c **** 
 116:.\Generated_Source\PSoC5/LCD_Seg_1_PM.c ****     LCD_Seg_1_Stop();
  86              		.loc 1 116 0
  87 001a FFF7FEFF 		bl	LCD_Seg_1_Stop
  88              	.LVL0:
  89 001e 08BD     		pop	{r3, pc}
  90              	.L8:
  91              		.align	2
  92              	.L7:
  93 0020 7B640040 		.word	1073767547
  94 0024 00000000 		.word	.LANCHOR0
  95              		.cfi_endproc
  96              	.LFE2:
  97              		.size	LCD_Seg_1_Sleep, .-LCD_Seg_1_Sleep
  98              		.section	.text.LCD_Seg_1_Wakeup,"ax",%progbits
  99              		.align	2
 100              		.global	LCD_Seg_1_Wakeup
 101              		.thumb
 102              		.thumb_func
 103              		.type	LCD_Seg_1_Wakeup, %function
 104              	LCD_Seg_1_Wakeup:
 105              	.LFB3:
 117:.\Generated_Source\PSoC5/LCD_Seg_1_PM.c ****     LCD_Seg_1_SaveConfig();
 118:.\Generated_Source\PSoC5/LCD_Seg_1_PM.c **** }
 119:.\Generated_Source\PSoC5/LCD_Seg_1_PM.c **** 
 120:.\Generated_Source\PSoC5/LCD_Seg_1_PM.c **** 
 121:.\Generated_Source\PSoC5/LCD_Seg_1_PM.c **** /*******************************************************************************
 122:.\Generated_Source\PSoC5/LCD_Seg_1_PM.c **** * Function Name: LCD_Seg_1_Wakeup
 123:.\Generated_Source\PSoC5/LCD_Seg_1_PM.c **** ********************************************************************************
ARM GAS  C:\Users\hari\AppData\Local\Temp\ccw3lSWm.s 			page 5


 124:.\Generated_Source\PSoC5/LCD_Seg_1_PM.c **** *
 125:.\Generated_Source\PSoC5/LCD_Seg_1_PM.c **** * Summary:
 126:.\Generated_Source\PSoC5/LCD_Seg_1_PM.c **** *  Wakes up components from a Sleep mode.
 127:.\Generated_Source\PSoC5/LCD_Seg_1_PM.c **** *
 128:.\Generated_Source\PSoC5/LCD_Seg_1_PM.c **** * Parameters:
 129:.\Generated_Source\PSoC5/LCD_Seg_1_PM.c **** *  None.
 130:.\Generated_Source\PSoC5/LCD_Seg_1_PM.c **** *
 131:.\Generated_Source\PSoC5/LCD_Seg_1_PM.c **** * Return:
 132:.\Generated_Source\PSoC5/LCD_Seg_1_PM.c **** *  Status one of standard status for PSoC3 Component:
 133:.\Generated_Source\PSoC5/LCD_Seg_1_PM.c **** *      CYRET_SUCCESS - Function completed successfully.
 134:.\Generated_Source\PSoC5/LCD_Seg_1_PM.c **** *      CYRET_LOCKED - The object was locked, already in use. Some of TDs or a
 135:.\Generated_Source\PSoC5/LCD_Seg_1_PM.c **** *                     channel already in use or the component was turned off by
 136:.\Generated_Source\PSoC5/LCD_Seg_1_PM.c **** *                     the user before entering to a sleep.
 137:.\Generated_Source\PSoC5/LCD_Seg_1_PM.c **** *
 138:.\Generated_Source\PSoC5/LCD_Seg_1_PM.c **** * Global variables:
 139:.\Generated_Source\PSoC5/LCD_Seg_1_PM.c **** *  LCD_Seg_1_backup - this API fetch the component state from the
 140:.\Generated_Source\PSoC5/LCD_Seg_1_PM.c **** *  structure to analyze and decide if the component should be enabled or not
 141:.\Generated_Source\PSoC5/LCD_Seg_1_PM.c **** *  after waking from a Sleep mode.
 142:.\Generated_Source\PSoC5/LCD_Seg_1_PM.c **** *
 143:.\Generated_Source\PSoC5/LCD_Seg_1_PM.c **** * Reentrant:
 144:.\Generated_Source\PSoC5/LCD_Seg_1_PM.c **** *  No.
 145:.\Generated_Source\PSoC5/LCD_Seg_1_PM.c **** *
 146:.\Generated_Source\PSoC5/LCD_Seg_1_PM.c **** *******************************************************************************/
 147:.\Generated_Source\PSoC5/LCD_Seg_1_PM.c **** uint8 LCD_Seg_1_Wakeup(void) 
 148:.\Generated_Source\PSoC5/LCD_Seg_1_PM.c **** {
 106              		.loc 1 148 0
 107              		.cfi_startproc
 108              		@ args = 0, pretend = 0, frame = 0
 109              		@ frame_needed = 0, uses_anonymous_args = 0
 110 0000 08B5     		push	{r3, lr}
 111              		.cfi_def_cfa_offset 8
 112              		.cfi_offset 3, -8
 113              		.cfi_offset 14, -4
 149:.\Generated_Source\PSoC5/LCD_Seg_1_PM.c ****     uint8 status;
 150:.\Generated_Source\PSoC5/LCD_Seg_1_PM.c **** 
 151:.\Generated_Source\PSoC5/LCD_Seg_1_PM.c ****     LCD_Seg_1_RestoreConfig();
 152:.\Generated_Source\PSoC5/LCD_Seg_1_PM.c **** 
 153:.\Generated_Source\PSoC5/LCD_Seg_1_PM.c ****     if(LCD_Seg_1_backup.enableState == LCD_Seg_1_LCD_STATE_ENABLED)
 114              		.loc 1 153 0
 115 0002 044B     		ldr	r3, .L13
 116 0004 1B78     		ldrb	r3, [r3]	@ zero_extendqisi2
 117 0006 012B     		cmp	r3, #1
 118 0008 02D1     		bne	.L11
 154:.\Generated_Source\PSoC5/LCD_Seg_1_PM.c ****     {
 155:.\Generated_Source\PSoC5/LCD_Seg_1_PM.c ****         status = LCD_Seg_1_Enable();
 119              		.loc 1 155 0
 120 000a FFF7FEFF 		bl	LCD_Seg_1_Enable
 121              	.LVL1:
 122 000e 08BD     		pop	{r3, pc}
 123              	.LVL2:
 124              	.L11:
 156:.\Generated_Source\PSoC5/LCD_Seg_1_PM.c ****     }
 157:.\Generated_Source\PSoC5/LCD_Seg_1_PM.c ****     else
 158:.\Generated_Source\PSoC5/LCD_Seg_1_PM.c ****     {
 159:.\Generated_Source\PSoC5/LCD_Seg_1_PM.c ****         status = CYRET_LOCKED;
 125              		.loc 1 159 0
 126 0010 0420     		movs	r0, #4
ARM GAS  C:\Users\hari\AppData\Local\Temp\ccw3lSWm.s 			page 6


 127              	.LVL3:
 160:.\Generated_Source\PSoC5/LCD_Seg_1_PM.c ****     }
 161:.\Generated_Source\PSoC5/LCD_Seg_1_PM.c **** 
 162:.\Generated_Source\PSoC5/LCD_Seg_1_PM.c ****     return(status);
 163:.\Generated_Source\PSoC5/LCD_Seg_1_PM.c **** }
 128              		.loc 1 163 0
 129 0012 08BD     		pop	{r3, pc}
 130              	.L14:
 131              		.align	2
 132              	.L13:
 133 0014 00000000 		.word	.LANCHOR0
 134              		.cfi_endproc
 135              	.LFE3:
 136              		.size	LCD_Seg_1_Wakeup, .-LCD_Seg_1_Wakeup
 137              		.bss
 138              		.align	2
 139              		.set	.LANCHOR0,. + 0
 140              		.type	LCD_Seg_1_backup, %object
 141              		.size	LCD_Seg_1_backup, 1
 142              	LCD_Seg_1_backup:
 143 0000 00       		.space	1
 144 0001 000000   		.text
 145              	.Letext0:
 146              		.file 2 ".\\Generated_Source\\PSoC5\\cytypes.h"
 147              		.file 3 ".\\Generated_Source\\PSoC5\\LCD_Seg_1.h"
 148              		.section	.debug_info,"",%progbits
 149              	.Ldebug_info0:
 150 0000 56010000 		.4byte	0x156
 151 0004 0400     		.2byte	0x4
 152 0006 00000000 		.4byte	.Ldebug_abbrev0
 153 000a 04       		.byte	0x4
 154 000b 01       		.uleb128 0x1
 155 000c C1000000 		.4byte	.LASF20
 156 0010 01       		.byte	0x1
 157 0011 D8010000 		.4byte	.LASF21
 158 0015 48000000 		.4byte	.LASF22
 159 0019 00000000 		.4byte	.Ldebug_ranges0+0
 160 001d 00000000 		.4byte	0
 161 0021 00000000 		.4byte	.Ldebug_line0
 162 0025 02       		.uleb128 0x2
 163 0026 01       		.byte	0x1
 164 0027 06       		.byte	0x6
 165 0028 2C020000 		.4byte	.LASF0
 166 002c 02       		.uleb128 0x2
 167 002d 01       		.byte	0x1
 168 002e 08       		.byte	0x8
 169 002f 4F010000 		.4byte	.LASF1
 170 0033 02       		.uleb128 0x2
 171 0034 02       		.byte	0x2
 172 0035 05       		.byte	0x5
 173 0036 6B010000 		.4byte	.LASF2
 174 003a 02       		.uleb128 0x2
 175 003b 02       		.byte	0x2
 176 003c 07       		.byte	0x7
 177 003d 9C010000 		.4byte	.LASF3
 178 0041 02       		.uleb128 0x2
 179 0042 04       		.byte	0x4
ARM GAS  C:\Users\hari\AppData\Local\Temp\ccw3lSWm.s 			page 7


 180 0043 05       		.byte	0x5
 181 0044 62010000 		.4byte	.LASF4
 182 0048 02       		.uleb128 0x2
 183 0049 04       		.byte	0x4
 184 004a 07       		.byte	0x7
 185 004b 83000000 		.4byte	.LASF5
 186 004f 02       		.uleb128 0x2
 187 0050 08       		.byte	0x8
 188 0051 05       		.byte	0x5
 189 0052 00000000 		.4byte	.LASF6
 190 0056 02       		.uleb128 0x2
 191 0057 08       		.byte	0x8
 192 0058 07       		.byte	0x7
 193 0059 95000000 		.4byte	.LASF7
 194 005d 03       		.uleb128 0x3
 195 005e 04       		.byte	0x4
 196 005f 05       		.byte	0x5
 197 0060 696E7400 		.ascii	"int\000"
 198 0064 02       		.uleb128 0x2
 199 0065 04       		.byte	0x4
 200 0066 07       		.byte	0x7
 201 0067 1A000000 		.4byte	.LASF8
 202 006b 04       		.uleb128 0x4
 203 006c 7D000000 		.4byte	.LASF12
 204 0070 02       		.byte	0x2
 205 0071 B3       		.byte	0xb3
 206 0072 2C000000 		.4byte	0x2c
 207 0076 02       		.uleb128 0x2
 208 0077 04       		.byte	0x4
 209 0078 04       		.byte	0x4
 210 0079 09020000 		.4byte	.LASF9
 211 007d 02       		.uleb128 0x2
 212 007e 08       		.byte	0x8
 213 007f 04       		.byte	0x4
 214 0080 75010000 		.4byte	.LASF10
 215 0084 02       		.uleb128 0x2
 216 0085 01       		.byte	0x1
 217 0086 08       		.byte	0x8
 218 0087 5D010000 		.4byte	.LASF11
 219 008b 05       		.uleb128 0x5
 220 008c 0F020000 		.4byte	.LASF13
 221 0090 02       		.byte	0x2
 222 0091 5D01     		.2byte	0x15d
 223 0093 97000000 		.4byte	0x97
 224 0097 06       		.uleb128 0x6
 225 0098 6B000000 		.4byte	0x6b
 226 009c 02       		.uleb128 0x2
 227 009d 04       		.byte	0x4
 228 009e 07       		.byte	0x7
 229 009f 00020000 		.4byte	.LASF14
 230 00a3 07       		.uleb128 0x7
 231 00a4 01       		.byte	0x1
 232 00a5 03       		.byte	0x3
 233 00a6 3A       		.byte	0x3a
 234 00a7 B8000000 		.4byte	0xb8
 235 00ab 08       		.uleb128 0x8
 236 00ac 0E000000 		.4byte	.LASF23
ARM GAS  C:\Users\hari\AppData\Local\Temp\ccw3lSWm.s 			page 8


 237 00b0 03       		.byte	0x3
 238 00b1 3C       		.byte	0x3c
 239 00b2 6B000000 		.4byte	0x6b
 240 00b6 00       		.byte	0
 241 00b7 00       		.byte	0
 242 00b8 04       		.uleb128 0x4
 243 00b9 14020000 		.4byte	.LASF15
 244 00bd 03       		.byte	0x3
 245 00be 3D       		.byte	0x3d
 246 00bf A3000000 		.4byte	0xa3
 247 00c3 09       		.uleb128 0x9
 248 00c4 AC000000 		.4byte	.LASF16
 249 00c8 01       		.byte	0x1
 250 00c9 28       		.byte	0x28
 251 00ca 00000000 		.4byte	.LFB0
 252 00ce 02000000 		.4byte	.LFE0-.LFB0
 253 00d2 01       		.uleb128 0x1
 254 00d3 9C       		.byte	0x9c
 255 00d4 09       		.uleb128 0x9
 256 00d5 C0010000 		.4byte	.LASF17
 257 00d9 01       		.byte	0x1
 258 00da 46       		.byte	0x46
 259 00db 00000000 		.4byte	.LFB1
 260 00df 02000000 		.4byte	.LFE1-.LFB1
 261 00e3 01       		.uleb128 0x1
 262 00e4 9C       		.byte	0x9c
 263 00e5 0A       		.uleb128 0xa
 264 00e6 38000000 		.4byte	.LASF24
 265 00ea 01       		.byte	0x1
 266 00eb 69       		.byte	0x69
 267 00ec 00000000 		.4byte	.LFB2
 268 00f0 28000000 		.4byte	.LFE2-.LFB2
 269 00f4 01       		.uleb128 0x1
 270 00f5 9C       		.byte	0x9c
 271 00f6 04010000 		.4byte	0x104
 272 00fa 0B       		.uleb128 0xb
 273 00fb 1E000000 		.4byte	.LVL0
 274 00ff 47010000 		.4byte	0x147
 275 0103 00       		.byte	0
 276 0104 0C       		.uleb128 0xc
 277 0105 27000000 		.4byte	.LASF25
 278 0109 01       		.byte	0x1
 279 010a 93       		.byte	0x93
 280 010b 6B000000 		.4byte	0x6b
 281 010f 00000000 		.4byte	.LFB3
 282 0113 18000000 		.4byte	.LFE3-.LFB3
 283 0117 01       		.uleb128 0x1
 284 0118 9C       		.byte	0x9c
 285 0119 36010000 		.4byte	0x136
 286 011d 0D       		.uleb128 0xd
 287 011e 76000000 		.4byte	.LASF18
 288 0122 01       		.byte	0x1
 289 0123 95       		.byte	0x95
 290 0124 6B000000 		.4byte	0x6b
 291 0128 00000000 		.4byte	.LLST0
 292 012c 0B       		.uleb128 0xb
 293 012d 0E000000 		.4byte	.LVL1
ARM GAS  C:\Users\hari\AppData\Local\Temp\ccw3lSWm.s 			page 9


 294 0131 4E010000 		.4byte	0x14e
 295 0135 00       		.byte	0
 296 0136 0E       		.uleb128 0xe
 297 0137 AF010000 		.4byte	.LASF19
 298 013b 01       		.byte	0x1
 299 013c 16       		.byte	0x16
 300 013d B8000000 		.4byte	0xb8
 301 0141 05       		.uleb128 0x5
 302 0142 03       		.byte	0x3
 303 0143 00000000 		.4byte	LCD_Seg_1_backup
 304 0147 0F       		.uleb128 0xf
 305 0148 7C010000 		.4byte	.LASF26
 306 014c 03       		.byte	0x3
 307 014d 4D       		.byte	0x4d
 308 014e 10       		.uleb128 0x10
 309 014f 8B010000 		.4byte	.LASF27
 310 0153 03       		.byte	0x3
 311 0154 4B       		.byte	0x4b
 312 0155 6B000000 		.4byte	0x6b
 313 0159 00       		.byte	0
 314              		.section	.debug_abbrev,"",%progbits
 315              	.Ldebug_abbrev0:
 316 0000 01       		.uleb128 0x1
 317 0001 11       		.uleb128 0x11
 318 0002 01       		.byte	0x1
 319 0003 25       		.uleb128 0x25
 320 0004 0E       		.uleb128 0xe
 321 0005 13       		.uleb128 0x13
 322 0006 0B       		.uleb128 0xb
 323 0007 03       		.uleb128 0x3
 324 0008 0E       		.uleb128 0xe
 325 0009 1B       		.uleb128 0x1b
 326 000a 0E       		.uleb128 0xe
 327 000b 55       		.uleb128 0x55
 328 000c 17       		.uleb128 0x17
 329 000d 11       		.uleb128 0x11
 330 000e 01       		.uleb128 0x1
 331 000f 10       		.uleb128 0x10
 332 0010 17       		.uleb128 0x17
 333 0011 00       		.byte	0
 334 0012 00       		.byte	0
 335 0013 02       		.uleb128 0x2
 336 0014 24       		.uleb128 0x24
 337 0015 00       		.byte	0
 338 0016 0B       		.uleb128 0xb
 339 0017 0B       		.uleb128 0xb
 340 0018 3E       		.uleb128 0x3e
 341 0019 0B       		.uleb128 0xb
 342 001a 03       		.uleb128 0x3
 343 001b 0E       		.uleb128 0xe
 344 001c 00       		.byte	0
 345 001d 00       		.byte	0
 346 001e 03       		.uleb128 0x3
 347 001f 24       		.uleb128 0x24
 348 0020 00       		.byte	0
 349 0021 0B       		.uleb128 0xb
 350 0022 0B       		.uleb128 0xb
ARM GAS  C:\Users\hari\AppData\Local\Temp\ccw3lSWm.s 			page 10


 351 0023 3E       		.uleb128 0x3e
 352 0024 0B       		.uleb128 0xb
 353 0025 03       		.uleb128 0x3
 354 0026 08       		.uleb128 0x8
 355 0027 00       		.byte	0
 356 0028 00       		.byte	0
 357 0029 04       		.uleb128 0x4
 358 002a 16       		.uleb128 0x16
 359 002b 00       		.byte	0
 360 002c 03       		.uleb128 0x3
 361 002d 0E       		.uleb128 0xe
 362 002e 3A       		.uleb128 0x3a
 363 002f 0B       		.uleb128 0xb
 364 0030 3B       		.uleb128 0x3b
 365 0031 0B       		.uleb128 0xb
 366 0032 49       		.uleb128 0x49
 367 0033 13       		.uleb128 0x13
 368 0034 00       		.byte	0
 369 0035 00       		.byte	0
 370 0036 05       		.uleb128 0x5
 371 0037 16       		.uleb128 0x16
 372 0038 00       		.byte	0
 373 0039 03       		.uleb128 0x3
 374 003a 0E       		.uleb128 0xe
 375 003b 3A       		.uleb128 0x3a
 376 003c 0B       		.uleb128 0xb
 377 003d 3B       		.uleb128 0x3b
 378 003e 05       		.uleb128 0x5
 379 003f 49       		.uleb128 0x49
 380 0040 13       		.uleb128 0x13
 381 0041 00       		.byte	0
 382 0042 00       		.byte	0
 383 0043 06       		.uleb128 0x6
 384 0044 35       		.uleb128 0x35
 385 0045 00       		.byte	0
 386 0046 49       		.uleb128 0x49
 387 0047 13       		.uleb128 0x13
 388 0048 00       		.byte	0
 389 0049 00       		.byte	0
 390 004a 07       		.uleb128 0x7
 391 004b 13       		.uleb128 0x13
 392 004c 01       		.byte	0x1
 393 004d 0B       		.uleb128 0xb
 394 004e 0B       		.uleb128 0xb
 395 004f 3A       		.uleb128 0x3a
 396 0050 0B       		.uleb128 0xb
 397 0051 3B       		.uleb128 0x3b
 398 0052 0B       		.uleb128 0xb
 399 0053 01       		.uleb128 0x1
 400 0054 13       		.uleb128 0x13
 401 0055 00       		.byte	0
 402 0056 00       		.byte	0
 403 0057 08       		.uleb128 0x8
 404 0058 0D       		.uleb128 0xd
 405 0059 00       		.byte	0
 406 005a 03       		.uleb128 0x3
 407 005b 0E       		.uleb128 0xe
ARM GAS  C:\Users\hari\AppData\Local\Temp\ccw3lSWm.s 			page 11


 408 005c 3A       		.uleb128 0x3a
 409 005d 0B       		.uleb128 0xb
 410 005e 3B       		.uleb128 0x3b
 411 005f 0B       		.uleb128 0xb
 412 0060 49       		.uleb128 0x49
 413 0061 13       		.uleb128 0x13
 414 0062 38       		.uleb128 0x38
 415 0063 0B       		.uleb128 0xb
 416 0064 00       		.byte	0
 417 0065 00       		.byte	0
 418 0066 09       		.uleb128 0x9
 419 0067 2E       		.uleb128 0x2e
 420 0068 00       		.byte	0
 421 0069 3F       		.uleb128 0x3f
 422 006a 19       		.uleb128 0x19
 423 006b 03       		.uleb128 0x3
 424 006c 0E       		.uleb128 0xe
 425 006d 3A       		.uleb128 0x3a
 426 006e 0B       		.uleb128 0xb
 427 006f 3B       		.uleb128 0x3b
 428 0070 0B       		.uleb128 0xb
 429 0071 27       		.uleb128 0x27
 430 0072 19       		.uleb128 0x19
 431 0073 11       		.uleb128 0x11
 432 0074 01       		.uleb128 0x1
 433 0075 12       		.uleb128 0x12
 434 0076 06       		.uleb128 0x6
 435 0077 40       		.uleb128 0x40
 436 0078 18       		.uleb128 0x18
 437 0079 9742     		.uleb128 0x2117
 438 007b 19       		.uleb128 0x19
 439 007c 00       		.byte	0
 440 007d 00       		.byte	0
 441 007e 0A       		.uleb128 0xa
 442 007f 2E       		.uleb128 0x2e
 443 0080 01       		.byte	0x1
 444 0081 3F       		.uleb128 0x3f
 445 0082 19       		.uleb128 0x19
 446 0083 03       		.uleb128 0x3
 447 0084 0E       		.uleb128 0xe
 448 0085 3A       		.uleb128 0x3a
 449 0086 0B       		.uleb128 0xb
 450 0087 3B       		.uleb128 0x3b
 451 0088 0B       		.uleb128 0xb
 452 0089 27       		.uleb128 0x27
 453 008a 19       		.uleb128 0x19
 454 008b 11       		.uleb128 0x11
 455 008c 01       		.uleb128 0x1
 456 008d 12       		.uleb128 0x12
 457 008e 06       		.uleb128 0x6
 458 008f 40       		.uleb128 0x40
 459 0090 18       		.uleb128 0x18
 460 0091 9742     		.uleb128 0x2117
 461 0093 19       		.uleb128 0x19
 462 0094 01       		.uleb128 0x1
 463 0095 13       		.uleb128 0x13
 464 0096 00       		.byte	0
ARM GAS  C:\Users\hari\AppData\Local\Temp\ccw3lSWm.s 			page 12


 465 0097 00       		.byte	0
 466 0098 0B       		.uleb128 0xb
 467 0099 898201   		.uleb128 0x4109
 468 009c 00       		.byte	0
 469 009d 11       		.uleb128 0x11
 470 009e 01       		.uleb128 0x1
 471 009f 31       		.uleb128 0x31
 472 00a0 13       		.uleb128 0x13
 473 00a1 00       		.byte	0
 474 00a2 00       		.byte	0
 475 00a3 0C       		.uleb128 0xc
 476 00a4 2E       		.uleb128 0x2e
 477 00a5 01       		.byte	0x1
 478 00a6 3F       		.uleb128 0x3f
 479 00a7 19       		.uleb128 0x19
 480 00a8 03       		.uleb128 0x3
 481 00a9 0E       		.uleb128 0xe
 482 00aa 3A       		.uleb128 0x3a
 483 00ab 0B       		.uleb128 0xb
 484 00ac 3B       		.uleb128 0x3b
 485 00ad 0B       		.uleb128 0xb
 486 00ae 27       		.uleb128 0x27
 487 00af 19       		.uleb128 0x19
 488 00b0 49       		.uleb128 0x49
 489 00b1 13       		.uleb128 0x13
 490 00b2 11       		.uleb128 0x11
 491 00b3 01       		.uleb128 0x1
 492 00b4 12       		.uleb128 0x12
 493 00b5 06       		.uleb128 0x6
 494 00b6 40       		.uleb128 0x40
 495 00b7 18       		.uleb128 0x18
 496 00b8 9742     		.uleb128 0x2117
 497 00ba 19       		.uleb128 0x19
 498 00bb 01       		.uleb128 0x1
 499 00bc 13       		.uleb128 0x13
 500 00bd 00       		.byte	0
 501 00be 00       		.byte	0
 502 00bf 0D       		.uleb128 0xd
 503 00c0 34       		.uleb128 0x34
 504 00c1 00       		.byte	0
 505 00c2 03       		.uleb128 0x3
 506 00c3 0E       		.uleb128 0xe
 507 00c4 3A       		.uleb128 0x3a
 508 00c5 0B       		.uleb128 0xb
 509 00c6 3B       		.uleb128 0x3b
 510 00c7 0B       		.uleb128 0xb
 511 00c8 49       		.uleb128 0x49
 512 00c9 13       		.uleb128 0x13
 513 00ca 02       		.uleb128 0x2
 514 00cb 17       		.uleb128 0x17
 515 00cc 00       		.byte	0
 516 00cd 00       		.byte	0
 517 00ce 0E       		.uleb128 0xe
 518 00cf 34       		.uleb128 0x34
 519 00d0 00       		.byte	0
 520 00d1 03       		.uleb128 0x3
 521 00d2 0E       		.uleb128 0xe
ARM GAS  C:\Users\hari\AppData\Local\Temp\ccw3lSWm.s 			page 13


 522 00d3 3A       		.uleb128 0x3a
 523 00d4 0B       		.uleb128 0xb
 524 00d5 3B       		.uleb128 0x3b
 525 00d6 0B       		.uleb128 0xb
 526 00d7 49       		.uleb128 0x49
 527 00d8 13       		.uleb128 0x13
 528 00d9 02       		.uleb128 0x2
 529 00da 18       		.uleb128 0x18
 530 00db 00       		.byte	0
 531 00dc 00       		.byte	0
 532 00dd 0F       		.uleb128 0xf
 533 00de 2E       		.uleb128 0x2e
 534 00df 00       		.byte	0
 535 00e0 3F       		.uleb128 0x3f
 536 00e1 19       		.uleb128 0x19
 537 00e2 03       		.uleb128 0x3
 538 00e3 0E       		.uleb128 0xe
 539 00e4 3A       		.uleb128 0x3a
 540 00e5 0B       		.uleb128 0xb
 541 00e6 3B       		.uleb128 0x3b
 542 00e7 0B       		.uleb128 0xb
 543 00e8 27       		.uleb128 0x27
 544 00e9 19       		.uleb128 0x19
 545 00ea 3C       		.uleb128 0x3c
 546 00eb 19       		.uleb128 0x19
 547 00ec 00       		.byte	0
 548 00ed 00       		.byte	0
 549 00ee 10       		.uleb128 0x10
 550 00ef 2E       		.uleb128 0x2e
 551 00f0 00       		.byte	0
 552 00f1 3F       		.uleb128 0x3f
 553 00f2 19       		.uleb128 0x19
 554 00f3 03       		.uleb128 0x3
 555 00f4 0E       		.uleb128 0xe
 556 00f5 3A       		.uleb128 0x3a
 557 00f6 0B       		.uleb128 0xb
 558 00f7 3B       		.uleb128 0x3b
 559 00f8 0B       		.uleb128 0xb
 560 00f9 27       		.uleb128 0x27
 561 00fa 19       		.uleb128 0x19
 562 00fb 49       		.uleb128 0x49
 563 00fc 13       		.uleb128 0x13
 564 00fd 3C       		.uleb128 0x3c
 565 00fe 19       		.uleb128 0x19
 566 00ff 00       		.byte	0
 567 0100 00       		.byte	0
 568 0101 00       		.byte	0
 569              		.section	.debug_loc,"",%progbits
 570              	.Ldebug_loc0:
 571              	.LLST0:
 572 0000 0E000000 		.4byte	.LVL1
 573 0004 10000000 		.4byte	.LVL2
 574 0008 0100     		.2byte	0x1
 575 000a 50       		.byte	0x50
 576 000b 12000000 		.4byte	.LVL3
 577 000f 18000000 		.4byte	.LFE3
 578 0013 0100     		.2byte	0x1
ARM GAS  C:\Users\hari\AppData\Local\Temp\ccw3lSWm.s 			page 14


 579 0015 50       		.byte	0x50
 580 0016 00000000 		.4byte	0
 581 001a 00000000 		.4byte	0
 582              		.section	.debug_aranges,"",%progbits
 583 0000 34000000 		.4byte	0x34
 584 0004 0200     		.2byte	0x2
 585 0006 00000000 		.4byte	.Ldebug_info0
 586 000a 04       		.byte	0x4
 587 000b 00       		.byte	0
 588 000c 0000     		.2byte	0
 589 000e 0000     		.2byte	0
 590 0010 00000000 		.4byte	.LFB0
 591 0014 02000000 		.4byte	.LFE0-.LFB0
 592 0018 00000000 		.4byte	.LFB1
 593 001c 02000000 		.4byte	.LFE1-.LFB1
 594 0020 00000000 		.4byte	.LFB2
 595 0024 28000000 		.4byte	.LFE2-.LFB2
 596 0028 00000000 		.4byte	.LFB3
 597 002c 18000000 		.4byte	.LFE3-.LFB3
 598 0030 00000000 		.4byte	0
 599 0034 00000000 		.4byte	0
 600              		.section	.debug_ranges,"",%progbits
 601              	.Ldebug_ranges0:
 602 0000 00000000 		.4byte	.LFB0
 603 0004 02000000 		.4byte	.LFE0
 604 0008 00000000 		.4byte	.LFB1
 605 000c 02000000 		.4byte	.LFE1
 606 0010 00000000 		.4byte	.LFB2
 607 0014 28000000 		.4byte	.LFE2
 608 0018 00000000 		.4byte	.LFB3
 609 001c 18000000 		.4byte	.LFE3
 610 0020 00000000 		.4byte	0
 611 0024 00000000 		.4byte	0
 612              		.section	.debug_line,"",%progbits
 613              	.Ldebug_line0:
 614 0000 A8000000 		.section	.debug_str,"MS",%progbits,1
 614      02005A00 
 614      00000201 
 614      FB0E0D00 
 614      01010101 
 615              	.LASF6:
 616 0000 6C6F6E67 		.ascii	"long long int\000"
 616      206C6F6E 
 616      6720696E 
 616      7400
 617              	.LASF23:
 618 000e 656E6162 		.ascii	"enableState\000"
 618      6C655374 
 618      61746500 
 619              	.LASF8:
 620 001a 756E7369 		.ascii	"unsigned int\000"
 620      676E6564 
 620      20696E74 
 620      00
 621              	.LASF25:
 622 0027 4C43445F 		.ascii	"LCD_Seg_1_Wakeup\000"
 622      5365675F 
ARM GAS  C:\Users\hari\AppData\Local\Temp\ccw3lSWm.s 			page 15


 622      315F5761 
 622      6B657570 
 622      00
 623              	.LASF24:
 624 0038 4C43445F 		.ascii	"LCD_Seg_1_Sleep\000"
 624      5365675F 
 624      315F536C 
 624      65657000 
 625              	.LASF22:
 626 0048 453A5C70 		.ascii	"E:\\psoc\\LEDMatrix_Video\\LEDMatrix_Video.cydsn\000"
 626      736F635C 
 626      4C45444D 
 626      61747269 
 626      785F5669 
 627              	.LASF18:
 628 0076 73746174 		.ascii	"status\000"
 628      757300
 629              	.LASF12:
 630 007d 75696E74 		.ascii	"uint8\000"
 630      3800
 631              	.LASF5:
 632 0083 6C6F6E67 		.ascii	"long unsigned int\000"
 632      20756E73 
 632      69676E65 
 632      6420696E 
 632      7400
 633              	.LASF7:
 634 0095 6C6F6E67 		.ascii	"long long unsigned int\000"
 634      206C6F6E 
 634      6720756E 
 634      7369676E 
 634      65642069 
 635              	.LASF16:
 636 00ac 4C43445F 		.ascii	"LCD_Seg_1_SaveConfig\000"
 636      5365675F 
 636      315F5361 
 636      7665436F 
 636      6E666967 
 637              	.LASF20:
 638 00c1 474E5520 		.ascii	"GNU C 4.9.3 20150303 (release) [ARM/embedded-4_9-br"
 638      4320342E 
 638      392E3320 
 638      32303135 
 638      30333033 
 639 00f4 616E6368 		.ascii	"anch revision 221220] -mcpu=cortex-m3 -mthumb -g -O"
 639      20726576 
 639      6973696F 
 639      6E203232 
 639      31323230 
 640 0127 67202D66 		.ascii	"g -ffunction-sections -ffat-lto-objects\000"
 640      66756E63 
 640      74696F6E 
 640      2D736563 
 640      74696F6E 
 641              	.LASF1:
 642 014f 756E7369 		.ascii	"unsigned char\000"
 642      676E6564 
ARM GAS  C:\Users\hari\AppData\Local\Temp\ccw3lSWm.s 			page 16


 642      20636861 
 642      7200
 643              	.LASF11:
 644 015d 63686172 		.ascii	"char\000"
 644      00
 645              	.LASF4:
 646 0162 6C6F6E67 		.ascii	"long int\000"
 646      20696E74 
 646      00
 647              	.LASF2:
 648 016b 73686F72 		.ascii	"short int\000"
 648      7420696E 
 648      7400
 649              	.LASF10:
 650 0175 646F7562 		.ascii	"double\000"
 650      6C6500
 651              	.LASF26:
 652 017c 4C43445F 		.ascii	"LCD_Seg_1_Stop\000"
 652      5365675F 
 652      315F5374 
 652      6F7000
 653              	.LASF27:
 654 018b 4C43445F 		.ascii	"LCD_Seg_1_Enable\000"
 654      5365675F 
 654      315F456E 
 654      61626C65 
 654      00
 655              	.LASF3:
 656 019c 73686F72 		.ascii	"short unsigned int\000"
 656      7420756E 
 656      7369676E 
 656      65642069 
 656      6E7400
 657              	.LASF19:
 658 01af 4C43445F 		.ascii	"LCD_Seg_1_backup\000"
 658      5365675F 
 658      315F6261 
 658      636B7570 
 658      00
 659              	.LASF17:
 660 01c0 4C43445F 		.ascii	"LCD_Seg_1_RestoreConfig\000"
 660      5365675F 
 660      315F5265 
 660      73746F72 
 660      65436F6E 
 661              	.LASF21:
 662 01d8 2E5C4765 		.ascii	".\\Generated_Source\\PSoC5\\LCD_Seg_1_PM.c\000"
 662      6E657261 
 662      7465645F 
 662      536F7572 
 662      63655C50 
 663              	.LASF14:
 664 0200 73697A65 		.ascii	"sizetype\000"
 664      74797065 
 664      00
 665              	.LASF9:
 666 0209 666C6F61 		.ascii	"float\000"
ARM GAS  C:\Users\hari\AppData\Local\Temp\ccw3lSWm.s 			page 17


 666      7400
 667              	.LASF13:
 668 020f 72656738 		.ascii	"reg8\000"
 668      00
 669              	.LASF15:
 670 0214 4C43445F 		.ascii	"LCD_Seg_1_BACKUP_STRUCT\000"
 670      5365675F 
 670      315F4241 
 670      434B5550 
 670      5F535452 
 671              	.LASF0:
 672 022c 7369676E 		.ascii	"signed char\000"
 672      65642063 
 672      68617200 
 673              		.ident	"GCC: (GNU Tools for ARM Embedded Processors) 4.9.3 20150303 (release) [ARM/embedded-4_9-br
