--------------- Build Started: 08/27/2012 09:54:14 Project: CY8CKIT_003_RX, Configuration: DP8051 Keil 9.03 Debug ---------------
cydsfit.exe "-.appdatapath" "C:\Users\Scott_Schmit\AppData\Local\Cypress Semiconductor\PSoC Creator\2.0" "-.fdsnotice" "-.fdswarpdepfile=warp_dependencies.txt" "-.fdselabdepfile=elab_dependencies.txt" "-.fdsbldfile=generated_files.txt" "-p" "C:\Users\Scott_Schmit\Desktop\Cypress\PSoC\PSoC3\PSoC3 Wireless\CY8CKIT_003_RX\CY8CKIT_003_RX.cydsn\CY8CKIT_003_RX.cyprj" "-d" "CY8C3866AXI-040" "-s" "C:\Users\Scott_Schmit\Desktop\Cypress\PSoC\PSoC3\PSoC3 Wireless\CY8CKIT_003_RX\CY8CKIT_003_RX.cydsn\Generated_Source\PSoC3" "-w" "0" "--" "-yv2" "-w" "0" "-v3" "-ygs" "-q10" "-o2" "-.fftcfgtype=BE"
Elaborating Design...
HDL Generation ...
Synthesis ...
Place and Route ...
Tech mapping ...
Info: mpr.M0037: Unused pieces of the design have been optimized out. See the Tech mapping section of the report file for details. (App=cydsfit)
Analog Placement ...
Analog Routing ...
Digital Placement ...
Log: plm.M0038: The pin named \LCD:LCDPort(0)\ at location P0[0] prevents usage of special purposes: OpAmp:out. (App=cydsfit)
Log: plm.M0038: The pin named \LCD:LCDPort(1)\ at location P0[1] prevents usage of special purposes: OpAmp:out. (App=cydsfit)
Log: plm.M0040: The pin named \LCD:LCDPort(2)\ at location P0[2] prevents a direct input connection to an Opamp. (App=cydsfit)
Log: plm.M0040: The pin named \LCD:LCDPort(3)\ at location P0[3] prevents a direct input connection to an Opamp. (App=cydsfit)
Log: plm.M0040: The pin named \LCD:LCDPort(4)\ at location P0[4] prevents a direct input connection to an Opamp. (App=cydsfit)
Log: plm.M0040: The pin named \LCD:LCDPort(5)\ at location P0[5] prevents a direct input connection to an Opamp. (App=cydsfit)
Log: plm.M0039: The pin named \LCD:LCDPort(6)\ at location P0[6] prevents usage of the high current (2mA) feature of an IDAC. (App=cydsfit)
Log: plm.M0038: The pin named MISO(0) at location P1[4] prevents usage of special purposes: JTAG:TDI. (App=cydsfit)
Log: plm.M0038: The pin named MOSI(0) at location P12[0] prevents usage of special purposes: SIO or I2C:SCL. (App=cydsfit)
Log: plm.M0038: The pin named Button(0) at location P15[3] prevents usage of special purposes: XTAL_32kHz:Xi. (App=cydsfit)
Info: plm.M0037: 
      Certain internal analog resources use the following pins for preferred routing: P0[0], P0[1], P0[2], P0[3], P0[4], P0[5], P0[6], P1[4], P12[0], P15[3].
      Please check the "Final Placement Details" section of the report file (CY8CKIT_003_RX.rpt) to see what resources are impacted by your pin selections.
     (App=cydsfit)
Digital Routing ...
Bitstream Generation ...
Static timing analysis ...
API Generation ...
Dependency Generation ...
Clean Temporary Files ...
c51.exe .\main.c NOIV LARGE MODDP2 OMF2 VB(1) PR(.\DP8051\DP8051_Keil_903\Debug\main.lst) CD DB NOIP "OT(2, Size)" INCDIR(Generated_Source\PSoC3) OJ(.\DP8051\DP8051_Keil_903\Debug\main.obj)
c51.exe .\RadioInit.c NOIV LARGE MODDP2 OMF2 VB(1) PR(.\DP8051\DP8051_Keil_903\Debug\RadioInit.lst) CD DB NOIP "OT(2, Size)" INCDIR(Generated_Source\PSoC3) OJ(.\DP8051\DP8051_Keil_903\Debug\RadioInit.obj)
c51.exe .\RadioChannel.c NOIV LARGE MODDP2 OMF2 VB(1) PR(.\DP8051\DP8051_Keil_903\Debug\RadioChannel.lst) CD DB NOIP "OT(2, Size)" INCDIR(Generated_Source\PSoC3) OJ(.\DP8051\DP8051_Keil_903\Debug\RadioChannel.obj)
LIBX51.exe TRANSFER '.\DP8051\DP8051_Keil_903\Debug\LED_Control_Reg.obj', '.\DP8051\DP8051_Keil_903\Debug\LED_0.obj', '.\DP8051\DP8051_Keil_903\Debug\LED_1.obj', '.\DP8051\DP8051_Keil_903\Debug\LED_2.obj', '.\DP8051\DP8051_Keil_903\Debug\LED_3.obj', '.\DP8051\DP8051_Keil_903\Debug\LED_4.obj', '.\DP8051\DP8051_Keil_903\Debug\LED_5.obj', '.\DP8051\DP8051_Keil_903\Debug\LED_6.obj', '.\DP8051\DP8051_Keil_903\Debug\LED_7.obj', '.\DP8051\DP8051_Keil_903\Debug\MISO.obj', '.\DP8051\DP8051_Keil_903\Debug\MOSI.obj', '.\DP8051\DP8051_Keil_903\Debug\SCLK.obj', '.\DP8051\DP8051_Keil_903\Debug\RadioController.obj', '.\DP8051\DP8051_Keil_903\Debug\RadioController_PM.obj', '.\DP8051\DP8051_Keil_903\Debug\RadioController_INT.obj', '.\DP8051\DP8051_Keil_903\Debug\SS.obj', '.\DP8051\DP8051_Keil_903\Debug\Button.obj', '.\DP8051\DP8051_Keil_903\Debug\LCD.obj', '.\DP8051\DP8051_Keil_903\Debug\LCD_PM.obj', '.\DP8051\DP8051_Keil_903\Debug\RadioController_IntClock.obj', '.\DP8051\DP8051_Keil_903\Debug\LCD_LCDPort.obj', '.\DP8051\DP8051_Keil_903\Debug\CyBootAsmKeil.obj', '.\DP8051\DP8051_Keil_903\Debug\CyDmac.obj', '.\DP8051\DP8051_Keil_903\Debug\CyFlash.obj', '.\DP8051\DP8051_Keil_903\Debug\CyLib.obj', '.\DP8051\DP8051_Keil_903\Debug\cymem.obj', '.\DP8051\DP8051_Keil_903\Debug\cyPm.obj', '.\DP8051\DP8051_Keil_903\Debug\CySpc.obj', '.\DP8051\DP8051_Keil_903\Debug\cyutils.obj', '.\DP8051\DP8051_Keil_903\Debug\KeilStart.obj', '.\DP8051\DP8051_Keil_903\Debug\cyfitter_cfg.obj' TO '.\DP8051\DP8051_Keil_903\Debug\CY8CKIT_003_RX.lib'
LX51.exe '.\DP8051\DP8051_Keil_903\Debug\main.obj', '.\DP8051\DP8051_Keil_903\Debug\RadioInit.obj', '.\DP8051\DP8051_Keil_903\Debug\RadioChannel.obj', '.\DP8051\DP8051_Keil_903\Debug\RadioControl.obj', '.\DP8051\DP8051_Keil_903\Debug\CY8CKIT_003_RX.lib', 'C:\Program Files (x86)\Cypress\PSoC Creator\2.0\PSoC Creator\psoc\content\cycomponentlibrary\CyComponentLibrary.cylib\DP8051\DP8051_Keil_903\Debug\CyComponentLibrary.lib'  TO '.\DP8051\DP8051_Keil_903\Debug\CY8CKIT_003_RX.omf' PR(.\DP8051\DP8051_Keil_903\Debug\CY8CKIT_003_RX.map) IX CODE DW(16) RU CL(XDATA(X:0x0000-X:0x1FFF)) CL(CODE(C:0x0000-C:0xFFFF)) CL(CONST(C:0x0000-C:0xFFFF)) CASE
Program Size: data=11.0 xdata=118 const=557 code=4158
OHx51.exe CY8CKIT_003_RX.omf HEXFILE(CY8CKIT_003_RX.ihx)
c8051-elf-omf2elf.exe CY8CKIT_003_RX.omf CY8CKIT_003_RX.elf
cyhextool -o .\DP8051\DP8051_Keil_903\Debug\CY8CKIT_003_RX.hex -f .\DP8051\DP8051_Keil_903\Debug\CY8CKIT_003_RX.ihx -prot .\Generated_Source\PSoC3\protect.hex -id 1E028069 -a EEPROM=90200000:800,PROGRAM=00000000:10000,CONFIG=80000000:2000,PROTECT=90400000:40 -meta 0301 -cunv 00000005 -wonv AFAC90BC -ecc .\Generated_Source\PSoC3\config.hex
Flash used: 4715 of 65536 bytes (7.2 %).
SRAM used: 118 of 8192 bytes (1.4 %).
--------------- Build Succeeded: 08/27/2012 09:54:34 ---------------
