C51 COMPILER V9.03   RADIOCHANNEL                                                          08/27/2012 09:54:32 PAGE 1   


C51 COMPILER V9.03, COMPILATION OF MODULE RADIOCHANNEL
OBJECT MODULE PLACED IN .\DP8051\DP8051_Keil_903\Debug\RadioChannel.obj
COMPILER INVOKED BY: C:\Program Files (x86)\Cypress\PSoC Creator\2.0\PSoC Creator\import\keil\pk51\9.03\C51\BIN\c51.exe 
                    -.\RadioChannel.c NOIV LARGE MODDP2 OMF2 VB(1) PR(.\DP8051\DP8051_Keil_903\Debug\RadioChannel.lst) CD DB NOIP OT(2,SIZE) 
                    -INCDIR(Generated_Source\PSoC3) OJ(.\DP8051\DP8051_Keil_903\Debug\RadioChannel.obj)

line level    source

   1          
   2          #include <device.h>
   3          #include "RadioRegs.h"
   4          #include "RadioControl.h"
   5          
   6          
   7          void RadioSetChannel(uint8 Channel)
   8          {
   9   1              Channel +=  2;                          
  10   1              
  11   1              // Need to compensate for TX OFFSET 
  12   1              if (Channel > 0) {
  13   2                      --Channel;      
  14   2              } 
  15   1              
  16   1              RadioWrite(CHANNEL_ADR, Channel );
  17   1      }
  18          
  19          uint8 RadioGetChannel(void)
  20          {
  21   1              return (RadioRead(CHANNEL_ADR) - 1);
  22   1      }
C51 COMPILER V9.03   RADIOCHANNEL                                                          08/27/2012 09:54:32 PAGE 2   

ASSEMBLY LISTING OF GENERATED OBJECT CODE


             ; FUNCTION _RadioSetChannel (BEGIN)
                                           ; SOURCE LINE # 7
0000 900000      R     MOV     DPTR,#Channel
0003 EF                MOV     A,R7
0004 F0                MOVX    @DPTR,A
                                           ; SOURCE LINE # 8
                                           ; SOURCE LINE # 9
0005 900000      R     MOV     DPTR,#Channel
0008 E0                MOVX    A,@DPTR
0009 2402              ADD     A,#02H
000B F0                MOVX    @DPTR,A
                                           ; SOURCE LINE # 12
000C 900000      R     MOV     DPTR,#Channel
000F E0                MOVX    A,@DPTR
0010 FF                MOV     R7,A
0011 EF                MOV     A,R7
0012 D3                SETB    C
0013 9400              SUBB    A,#00H
0015 4006              JC      ?C0001
                                           ; SOURCE LINE # 13
0017 900000      R     MOV     DPTR,#Channel
001A E0                MOVX    A,@DPTR
001B 14                DEC     A
001C F0                MOVX    @DPTR,A
                                           ; SOURCE LINE # 14
001D         ?C0001:
                                           ; SOURCE LINE # 16
001D 900000      R     MOV     DPTR,#Channel
0020 E0                MOVX    A,@DPTR
0021 FD                MOV     R5,A
0022 7F00              MOV     R7,#00H
0024 120000      E     LCALL   _RadioWrite
                                           ; SOURCE LINE # 17
0027 22                RET     
             ; FUNCTION _RadioSetChannel (END)

             ; FUNCTION RadioGetChannel (BEGIN)
                                           ; SOURCE LINE # 19
                                           ; SOURCE LINE # 20
                                           ; SOURCE LINE # 21
0000 7F00              MOV     R7,#00H
0002 120000      E     LCALL   _RadioRead
0005 C3                CLR     C
0006 EF                MOV     A,R7
0007 9401              SUBB    A,#01H
0009 FF                MOV     R7,A
                                           ; SOURCE LINE # 22
000A         ?C0003:
000A 22                RET     
             ; FUNCTION RadioGetChannel (END)



MODULE INFORMATION:   STATIC OVERLAYABLE
   CODE SIZE        =     51    ----
   CONSTANT SIZE    =   ----    ----
   XDATA SIZE       =   ----       1
   PDATA SIZE       =   ----    ----
   DATA SIZE        =   ----    ----
C51 COMPILER V9.03   RADIOCHANNEL                                                          08/27/2012 09:54:32 PAGE 3   

   IDATA SIZE       =   ----    ----
   BIT SIZE         =   ----    ----
   EDATA SIZE       =   ----    ----
   HDATA SIZE       =   ----    ----
   XDATA CONST SIZE =   ----    ----
   FAR CONST SIZE   =   ----    ----
END OF MODULE INFORMATION.


C51 COMPILATION COMPLETE.  0 WARNING(S),  0 ERROR(S)
