ARM GAS  C:\Users\hari\AppData\Local\Temp\ccwx4uH6.s 			page 1


   1              		.syntax unified
   2              		.cpu cortex-m3
   3              		.fpu softvfp
   4              		.eabi_attribute 20, 1
   5              		.eabi_attribute 21, 1
   6              		.eabi_attribute 23, 3
   7              		.eabi_attribute 24, 1
   8              		.eabi_attribute 25, 1
   9              		.eabi_attribute 26, 1
  10              		.eabi_attribute 30, 6
  11              		.eabi_attribute 34, 1
  12              		.eabi_attribute 18, 4
  13              		.thumb
  14              		.file	"cymetadata.c"
  15              		.text
  16              	.Ltext0:
  17              		.cfi_sections	.debug_frame
  18              		.global	cy_meta_configecc
  19              		.section	.cyconfigecc,"a",%progbits
  20              		.align	2
  21              		.type	cy_meta_configecc, %object
  22              		.size	cy_meta_configecc, 840
  23              	cy_meta_configecc:
  24 0000 02       		.byte	2
  25 0001 52       		.byte	82
  26 0002 00       		.byte	0
  27 0003 40       		.byte	64
  28 0004 03       		.byte	3
  29 0005 65       		.byte	101
  30 0006 00       		.byte	0
  31 0007 40       		.byte	64
  32 0008 04       		.byte	4
  33 0009 06       		.byte	6
  34 000a 01       		.byte	1
  35 000b 40       		.byte	64
  36 000c 01       		.byte	1
  37 000d 07       		.byte	7
  38 000e 01       		.byte	1
  39 000f 40       		.byte	64
  40 0010 01       		.byte	1
  41 0011 15       		.byte	21
  42 0012 01       		.byte	1
  43 0013 40       		.byte	64
  44 0014 01       		.byte	1
  45 0015 17       		.byte	23
  46 0016 01       		.byte	1
  47 0017 40       		.byte	64
  48 0018 6D       		.byte	109
  49 0019 18       		.byte	24
  50 001a 01       		.byte	1
  51 001b 40       		.byte	64
  52 001c 3D       		.byte	61
  53 001d 19       		.byte	25
  54 001e 01       		.byte	1
  55 001f 40       		.byte	64
  56 0020 18       		.byte	24
  57 0021 1A       		.byte	26
ARM GAS  C:\Users\hari\AppData\Local\Temp\ccwx4uH6.s 			page 2


  58 0022 01       		.byte	1
  59 0023 40       		.byte	64
  60 0024 49       		.byte	73
  61 0025 1B       		.byte	27
  62 0026 01       		.byte	1
  63 0027 40       		.byte	64
  64 0028 02       		.byte	2
  65 0029 44       		.byte	68
  66 002a 01       		.byte	1
  67 002b 40       		.byte	64
  68 002c 01       		.byte	1
  69 002d 45       		.byte	69
  70 002e 01       		.byte	1
  71 002f 40       		.byte	64
  72 0030 03       		.byte	3
  73 0031 46       		.byte	70
  74 0032 01       		.byte	1
  75 0033 40       		.byte	64
  76 0034 02       		.byte	2
  77 0035 47       		.byte	71
  78 0036 01       		.byte	1
  79 0037 40       		.byte	64
  80 0038 02       		.byte	2
  81 0039 48       		.byte	72
  82 003a 01       		.byte	1
  83 003b 40       		.byte	64
  84 003c 01       		.byte	1
  85 003d 49       		.byte	73
  86 003e 01       		.byte	1
  87 003f 40       		.byte	64
  88 0040 03       		.byte	3
  89 0041 4C       		.byte	76
  90 0042 01       		.byte	1
  91 0043 40       		.byte	64
  92 0044 0A       		.byte	10
  93 0045 4D       		.byte	77
  94 0046 01       		.byte	1
  95 0047 40       		.byte	64
  96 0048 02       		.byte	2
  97 0049 50       		.byte	80
  98 004a 01       		.byte	1
  99 004b 40       		.byte	64
 100 004c 61       		.byte	97
 101 004d 80       		.byte	-128
 102 004e 64       		.byte	100
 103 004f 40       		.byte	64
 104 0050 88       		.byte	-120
 105 0051 0F       		.byte	15
 106 0052 8A       		.byte	-118
 107 0053 72       		.byte	114
 108 0054 8B       		.byte	-117
 109 0055 38       		.byte	56
 110 0056 B9       		.byte	-71
 111 0057 80       		.byte	-128
 112 0058 BF       		.byte	-65
 113 0059 40       		.byte	64
 114 005a D9       		.byte	-39
ARM GAS  C:\Users\hari\AppData\Local\Temp\ccwx4uH6.s 			page 3


 115 005b 04       		.byte	4
 116 005c DF       		.byte	-33
 117 005d 01       		.byte	1
 118 005e 20       		.byte	32
 119 005f 02       		.byte	2
 120 0060 EC       		.byte	-20
 121 0061 10       		.byte	16
 122 0062 B0       		.byte	-80
 123 0063 01       		.byte	1
 124 0064 01       		.byte	1
 125 0065 80       		.byte	-128
 126 0066 04       		.byte	4
 127 0067 10       		.byte	16
 128 0068 06       		.byte	6
 129 0069 40       		.byte	64
 130 006a 09       		.byte	9
 131 006b 03       		.byte	3
 132 006c 0A       		.byte	10
 133 006d 03       		.byte	3
 134 006e 0B       		.byte	11
 135 006f 44       		.byte	68
 136 0070 0C       		.byte	12
 137 0071 09       		.byte	9
 138 0072 0E       		.byte	14
 139 0073 D0       		.byte	-48
 140 0074 13       		.byte	19
 141 0075 08       		.byte	8
 142 0076 15       		.byte	21
 143 0077 53       		.byte	83
 144 0078 16       		.byte	22
 145 0079 20       		.byte	32
 146 007a 17       		.byte	23
 147 007b 0C       		.byte	12
 148 007c 18       		.byte	24
 149 007d 14       		.byte	20
 150 007e 1C       		.byte	28
 151 007f DC       		.byte	-36
 152 0080 1E       		.byte	30
 153 0081 22       		.byte	34
 154 0082 20       		.byte	32
 155 0083 0C       		.byte	12
 156 0084 21       		.byte	33
 157 0085 53       		.byte	83
 158 0086 22       		.byte	34
 159 0087 71       		.byte	113
 160 0088 23       		.byte	35
 161 0089 04       		.byte	4
 162 008a 28       		.byte	40
 163 008b 10       		.byte	16
 164 008c 29       		.byte	41
 165 008d 20       		.byte	32
 166 008e 2A       		.byte	42
 167 008f AC       		.byte	-84
 168 0090 2B       		.byte	43
 169 0091 45       		.byte	69
 170 0092 2D       		.byte	45
 171 0093 0A       		.byte	10
ARM GAS  C:\Users\hari\AppData\Local\Temp\ccwx4uH6.s 			page 4


 172 0094 2F       		.byte	47
 173 0095 54       		.byte	84
 174 0096 31       		.byte	49
 175 0097 40       		.byte	64
 176 0098 33       		.byte	51
 177 0099 0F       		.byte	15
 178 009a 34       		.byte	52
 179 009b 1F       		.byte	31
 180 009c 35       		.byte	53
 181 009d 80       		.byte	-128
 182 009e 36       		.byte	54
 183 009f E0       		.byte	-32
 184 00a0 37       		.byte	55
 185 00a1 30       		.byte	48
 186 00a2 39       		.byte	57
 187 00a3 80       		.byte	-128
 188 00a4 3A       		.byte	58
 189 00a5 80       		.byte	-128
 190 00a6 3B       		.byte	59
 191 00a7 08       		.byte	8
 192 00a8 3F       		.byte	63
 193 00a9 11       		.byte	17
 194 00aa 40       		.byte	64
 195 00ab 63       		.byte	99
 196 00ac 41       		.byte	65
 197 00ad 04       		.byte	4
 198 00ae 45       		.byte	69
 199 00af EB       		.byte	-21
 200 00b0 46       		.byte	70
 201 00b1 C0       		.byte	-64
 202 00b2 48       		.byte	72
 203 00b3 0B       		.byte	11
 204 00b4 49       		.byte	73
 205 00b5 FF       		.byte	-1
 206 00b6 4A       		.byte	74
 207 00b7 FF       		.byte	-1
 208 00b8 4B       		.byte	75
 209 00b9 FF       		.byte	-1
 210 00ba 4E       		.byte	78
 211 00bb F0       		.byte	-16
 212 00bc 4F       		.byte	79
 213 00bd 44       		.byte	68
 214 00be 50       		.byte	80
 215 00bf 0C       		.byte	12
 216 00c0 54       		.byte	84
 217 00c1 01       		.byte	1
 218 00c2 58       		.byte	88
 219 00c3 04       		.byte	4
 220 00c4 59       		.byte	89
 221 00c5 04       		.byte	4
 222 00c6 5A       		.byte	90
 223 00c7 04       		.byte	4
 224 00c8 5B       		.byte	91
 225 00c9 04       		.byte	4
 226 00ca 5C       		.byte	92
 227 00cb 11       		.byte	17
 228 00cc 5D       		.byte	93
ARM GAS  C:\Users\hari\AppData\Local\Temp\ccwx4uH6.s 			page 5


 229 00cd 11       		.byte	17
 230 00ce 5F       		.byte	95
 231 00cf 01       		.byte	1
 232 00d0 66       		.byte	102
 233 00d1 C0       		.byte	-64
 234 00d2 6A       		.byte	106
 235 00d3 40       		.byte	64
 236 00d4 6B       		.byte	107
 237 00d5 02       		.byte	2
 238 00d6 80       		.byte	-128
 239 00d7 31       		.byte	49
 240 00d8 82       		.byte	-126
 241 00d9 0E       		.byte	14
 242 00da 85       		.byte	-123
 243 00db 0F       		.byte	15
 244 00dc 88       		.byte	-120
 245 00dd C0       		.byte	-64
 246 00de 89       		.byte	-119
 247 00df 02       		.byte	2
 248 00e0 8B       		.byte	-117
 249 00e1 01       		.byte	1
 250 00e2 8C       		.byte	-116
 251 00e3 2C       		.byte	44
 252 00e4 8D       		.byte	-115
 253 00e5 01       		.byte	1
 254 00e6 8E       		.byte	-114
 255 00e7 03       		.byte	3
 256 00e8 8F       		.byte	-113
 257 00e9 06       		.byte	6
 258 00ea 90       		.byte	-112
 259 00eb 40       		.byte	64
 260 00ec 91       		.byte	-111
 261 00ed 04       		.byte	4
 262 00ee 92       		.byte	-110
 263 00ef 80       		.byte	-128
 264 00f0 93       		.byte	-109
 265 00f1 01       		.byte	1
 266 00f2 95       		.byte	-107
 267 00f3 0F       		.byte	15
 268 00f4 96       		.byte	-106
 269 00f5 13       		.byte	19
 270 00f6 9A       		.byte	-102
 271 00f7 08       		.byte	8
 272 00f8 9C       		.byte	-100
 273 00f9 80       		.byte	-128
 274 00fa 9D       		.byte	-99
 275 00fb 08       		.byte	8
 276 00fc 9E       		.byte	-98
 277 00fd 40       		.byte	64
 278 00fe A2       		.byte	-94
 279 00ff 0C       		.byte	12
 280 0100 A4       		.byte	-92
 281 0101 C0       		.byte	-64
 282 0102 A8       		.byte	-88
 283 0103 31       		.byte	49
 284 0104 AA       		.byte	-86
 285 0105 06       		.byte	6
ARM GAS  C:\Users\hari\AppData\Local\Temp\ccwx4uH6.s 			page 6


 286 0106 B0       		.byte	-80
 287 0107 0F       		.byte	15
 288 0108 B1       		.byte	-79
 289 0109 07       		.byte	7
 290 010a B3       		.byte	-77
 291 010b 08       		.byte	8
 292 010c B4       		.byte	-76
 293 010d 30       		.byte	48
 294 010e B6       		.byte	-74
 295 010f C0       		.byte	-64
 296 0110 B8       		.byte	-72
 297 0111 20       		.byte	32
 298 0112 BA       		.byte	-70
 299 0113 02       		.byte	2
 300 0114 BE       		.byte	-66
 301 0115 10       		.byte	16
 302 0116 C0       		.byte	-64
 303 0117 02       		.byte	2
 304 0118 C5       		.byte	-59
 305 0119 04       		.byte	4
 306 011a C9       		.byte	-55
 307 011b FF       		.byte	-1
 308 011c CA       		.byte	-54
 309 011d 07       		.byte	7
 310 011e CB       		.byte	-53
 311 011f FF       		.byte	-1
 312 0120 CC       		.byte	-52
 313 0121 40       		.byte	64
 314 0122 CD       		.byte	-51
 315 0123 20       		.byte	32
 316 0124 CE       		.byte	-50
 317 0125 F0       		.byte	-16
 318 0126 CF       		.byte	-49
 319 0127 05       		.byte	5
 320 0128 D0       		.byte	-48
 321 0129 08       		.byte	8
 322 012a D8       		.byte	-40
 323 012b 04       		.byte	4
 324 012c D9       		.byte	-39
 325 012d 04       		.byte	4
 326 012e DA       		.byte	-38
 327 012f 04       		.byte	4
 328 0130 DC       		.byte	-36
 329 0131 11       		.byte	17
 330 0132 DD       		.byte	-35
 331 0133 01       		.byte	1
 332 0134 DF       		.byte	-33
 333 0135 01       		.byte	1
 334 0136 E0       		.byte	-32
 335 0137 40       		.byte	64
 336 0138 E1       		.byte	-31
 337 0139 A8       		.byte	-88
 338 013a E2       		.byte	-30
 339 013b 40       		.byte	64
 340 013c E3       		.byte	-29
 341 013d 20       		.byte	32
 342 013e 03       		.byte	3
ARM GAS  C:\Users\hari\AppData\Local\Temp\ccwx4uH6.s 			page 7


 343 013f 86       		.byte	-122
 344 0140 05       		.byte	5
 345 0141 14       		.byte	20
 346 0142 07       		.byte	7
 347 0143 02       		.byte	2
 348 0144 09       		.byte	9
 349 0145 08       		.byte	8
 350 0146 0A       		.byte	10
 351 0147 02       		.byte	2
 352 0148 0B       		.byte	11
 353 0149 84       		.byte	-124
 354 014a 0D       		.byte	13
 355 014b 08       		.byte	8
 356 014c 0F       		.byte	15
 357 014d 0A       		.byte	10
 358 014e 11       		.byte	17
 359 014f 04       		.byte	4
 360 0150 12       		.byte	18
 361 0151 08       		.byte	8
 362 0152 13       		.byte	19
 363 0153 02       		.byte	2
 364 0154 14       		.byte	20
 365 0155 40       		.byte	64
 366 0156 17       		.byte	23
 367 0157 20       		.byte	32
 368 0158 18       		.byte	24
 369 0159 04       		.byte	4
 370 015a 1A       		.byte	26
 371 015b 02       		.byte	2
 372 015c 1B       		.byte	27
 373 015d 03       		.byte	3
 374 015e 1D       		.byte	29
 375 015f 10       		.byte	16
 376 0160 1E       		.byte	30
 377 0161 04       		.byte	4
 378 0162 1F       		.byte	31
 379 0163 80       		.byte	-128
 380 0164 20       		.byte	32
 381 0165 10       		.byte	16
 382 0166 23       		.byte	35
 383 0167 40       		.byte	64
 384 0168 24       		.byte	36
 385 0169 40       		.byte	64
 386 016a 26       		.byte	38
 387 016b 08       		.byte	8
 388 016c 27       		.byte	39
 389 016d 2A       		.byte	42
 390 016e 2C       		.byte	44
 391 016f 40       		.byte	64
 392 0170 2F       		.byte	47
 393 0171 8A       		.byte	-118
 394 0172 32       		.byte	50
 395 0173 41       		.byte	65
 396 0174 33       		.byte	51
 397 0175 04       		.byte	4
 398 0176 36       		.byte	54
 399 0177 08       		.byte	8
ARM GAS  C:\Users\hari\AppData\Local\Temp\ccwx4uH6.s 			page 8


 400 0178 37       		.byte	55
 401 0179 02       		.byte	2
 402 017a 39       		.byte	57
 403 017b 04       		.byte	4
 404 017c 3A       		.byte	58
 405 017d 20       		.byte	32
 406 017e 3B       		.byte	59
 407 017f 40       		.byte	64
 408 0180 3D       		.byte	61
 409 0181 01       		.byte	1
 410 0182 3E       		.byte	62
 411 0183 10       		.byte	16
 412 0184 3F       		.byte	63
 413 0185 20       		.byte	32
 414 0186 40       		.byte	64
 415 0187 04       		.byte	4
 416 0188 44       		.byte	68
 417 0189 40       		.byte	64
 418 018a 45       		.byte	69
 419 018b 08       		.byte	8
 420 018c 49       		.byte	73
 421 018d 04       		.byte	4
 422 018e 4B       		.byte	75
 423 018f 04       		.byte	4
 424 0190 4D       		.byte	77
 425 0191 01       		.byte	1
 426 0192 4E       		.byte	78
 427 0193 08       		.byte	8
 428 0194 4F       		.byte	79
 429 0195 08       		.byte	8
 430 0196 51       		.byte	81
 431 0197 08       		.byte	8
 432 0198 53       		.byte	83
 433 0199 08       		.byte	8
 434 019a 57       		.byte	87
 435 019b 10       		.byte	16
 436 019c 5C       		.byte	92
 437 019d 40       		.byte	64
 438 019e 5D       		.byte	93
 439 019f 01       		.byte	1
 440 01a0 5E       		.byte	94
 441 01a1 10       		.byte	16
 442 01a2 5F       		.byte	95
 443 01a3 08       		.byte	8
 444 01a4 C0       		.byte	-64
 445 01a5 EB       		.byte	-21
 446 01a6 C2       		.byte	-62
 447 01a7 EF       		.byte	-17
 448 01a8 C4       		.byte	-60
 449 01a9 5E       		.byte	94
 450 01aa CA       		.byte	-54
 451 01ab B0       		.byte	-80
 452 01ac CC       		.byte	-52
 453 01ad CB       		.byte	-53
 454 01ae CE       		.byte	-50
 455 01af AE       		.byte	-82
 456 01b0 D0       		.byte	-48
ARM GAS  C:\Users\hari\AppData\Local\Temp\ccwx4uH6.s 			page 9


 457 01b1 C4       		.byte	-60
 458 01b2 D2       		.byte	-46
 459 01b3 20       		.byte	32
 460 01b4 D6       		.byte	-42
 461 01b5 F0       		.byte	-16
 462 01b6 E8       		.byte	-24
 463 01b7 80       		.byte	-128
 464 01b8 82       		.byte	-126
 465 01b9 04       		.byte	4
 466 01ba 84       		.byte	-124
 467 01bb 01       		.byte	1
 468 01bc 88       		.byte	-120
 469 01bd 01       		.byte	1
 470 01be 8B       		.byte	-117
 471 01bf 01       		.byte	1
 472 01c0 8E       		.byte	-114
 473 01c1 01       		.byte	1
 474 01c2 92       		.byte	-110
 475 01c3 02       		.byte	2
 476 01c4 96       		.byte	-106
 477 01c5 01       		.byte	1
 478 01c6 98       		.byte	-104
 479 01c7 08       		.byte	8
 480 01c8 AA       		.byte	-86
 481 01c9 04       		.byte	4
 482 01ca AE       		.byte	-82
 483 01cb 02       		.byte	2
 484 01cc B0       		.byte	-80
 485 01cd 01       		.byte	1
 486 01ce B2       		.byte	-78
 487 01cf 02       		.byte	2
 488 01d0 B4       		.byte	-76
 489 01d1 08       		.byte	8
 490 01d2 B6       		.byte	-74
 491 01d3 04       		.byte	4
 492 01d4 B7       		.byte	-73
 493 01d5 01       		.byte	1
 494 01d6 B8       		.byte	-72
 495 01d7 02       		.byte	2
 496 01d8 BE       		.byte	-66
 497 01d9 54       		.byte	84
 498 01da D4       		.byte	-44
 499 01db 18       		.byte	24
 500 01dc D8       		.byte	-40
 501 01dd 04       		.byte	4
 502 01de D9       		.byte	-39
 503 01df 04       		.byte	4
 504 01e0 DB       		.byte	-37
 505 01e1 04       		.byte	4
 506 01e2 DC       		.byte	-36
 507 01e3 11       		.byte	17
 508 01e4 DD       		.byte	-35
 509 01e5 10       		.byte	16
 510 01e6 DF       		.byte	-33
 511 01e7 01       		.byte	1
 512 01e8 00       		.byte	0
 513 01e9 50       		.byte	80
ARM GAS  C:\Users\hari\AppData\Local\Temp\ccwx4uH6.s 			page 10


 514 01ea 03       		.byte	3
 515 01eb 20       		.byte	32
 516 01ec 04       		.byte	4
 517 01ed 40       		.byte	64
 518 01ee 05       		.byte	5
 519 01ef 22       		.byte	34
 520 01f0 06       		.byte	6
 521 01f1 01       		.byte	1
 522 01f2 07       		.byte	7
 523 01f3 20       		.byte	32
 524 01f4 08       		.byte	8
 525 01f5 01       		.byte	1
 526 01f6 0A       		.byte	10
 527 01f7 1A       		.byte	26
 528 01f8 0B       		.byte	11
 529 01f9 40       		.byte	64
 530 01fa 0E       		.byte	14
 531 01fb 54       		.byte	84
 532 01fc 10       		.byte	16
 533 01fd 02       		.byte	2
 534 01fe 13       		.byte	19
 535 01ff 19       		.byte	25
 536 0200 15       		.byte	21
 537 0201 A0       		.byte	-96
 538 0202 18       		.byte	24
 539 0203 01       		.byte	1
 540 0204 19       		.byte	25
 541 0205 21       		.byte	33
 542 0206 1A       		.byte	26
 543 0207 10       		.byte	16
 544 0208 1B       		.byte	27
 545 0209 28       		.byte	40
 546 020a 1C       		.byte	28
 547 020b 08       		.byte	8
 548 020c 1D       		.byte	29
 549 020d 40       		.byte	64
 550 020e 1E       		.byte	30
 551 020f 40       		.byte	64
 552 0210 1F       		.byte	31
 553 0211 04       		.byte	4
 554 0212 20       		.byte	32
 555 0213 40       		.byte	64
 556 0214 21       		.byte	33
 557 0215 10       		.byte	16
 558 0216 22       		.byte	34
 559 0217 0C       		.byte	12
 560 0218 23       		.byte	35
 561 0219 22       		.byte	34
 562 021a 25       		.byte	37
 563 021b 80       		.byte	-128
 564 021c 28       		.byte	40
 565 021d 21       		.byte	33
 566 021e 29       		.byte	41
 567 021f 20       		.byte	32
 568 0220 2A       		.byte	42
 569 0221 01       		.byte	1
 570 0222 31       		.byte	49
ARM GAS  C:\Users\hari\AppData\Local\Temp\ccwx4uH6.s 			page 11


 571 0223 90       		.byte	-112
 572 0224 32       		.byte	50
 573 0225 01       		.byte	1
 574 0226 33       		.byte	51
 575 0227 08       		.byte	8
 576 0228 38       		.byte	56
 577 0229 28       		.byte	40
 578 022a 3B       		.byte	59
 579 022b 81       		.byte	-127
 580 022c 3E       		.byte	62
 581 022d 20       		.byte	32
 582 022e 40       		.byte	64
 583 022f 31       		.byte	49
 584 0230 42       		.byte	66
 585 0231 80       		.byte	-128
 586 0232 43       		.byte	67
 587 0233 20       		.byte	32
 588 0234 49       		.byte	73
 589 0235 12       		.byte	18
 590 0236 4A       		.byte	74
 591 0237 08       		.byte	8
 592 0238 51       		.byte	81
 593 0239 40       		.byte	64
 594 023a 59       		.byte	89
 595 023b 01       		.byte	1
 596 023c 5F       		.byte	95
 597 023d 02       		.byte	2
 598 023e 65       		.byte	101
 599 023f 40       		.byte	64
 600 0240 67       		.byte	103
 601 0241 08       		.byte	8
 602 0242 69       		.byte	105
 603 0243 04       		.byte	4
 604 0244 6A       		.byte	106
 605 0245 80       		.byte	-128
 606 0246 6B       		.byte	107
 607 0247 04       		.byte	4
 608 0248 70       		.byte	112
 609 0249 14       		.byte	20
 610 024a 73       		.byte	115
 611 024b 19       		.byte	25
 612 024c 88       		.byte	-120
 613 024d 06       		.byte	6
 614 024e 89       		.byte	-119
 615 024f 10       		.byte	16
 616 0250 8A       		.byte	-118
 617 0251 A0       		.byte	-96
 618 0252 8B       		.byte	-117
 619 0253 40       		.byte	64
 620 0254 90       		.byte	-112
 621 0255 10       		.byte	16
 622 0256 92       		.byte	-110
 623 0257 06       		.byte	6
 624 0258 93       		.byte	-109
 625 0259 40       		.byte	64
 626 025a 95       		.byte	-107
 627 025b 04       		.byte	4
ARM GAS  C:\Users\hari\AppData\Local\Temp\ccwx4uH6.s 			page 12


 628 025c 96       		.byte	-106
 629 025d 80       		.byte	-128
 630 025e 97       		.byte	-105
 631 025f 80       		.byte	-128
 632 0260 9E       		.byte	-98
 633 0261 20       		.byte	32
 634 0262 9F       		.byte	-97
 635 0263 04       		.byte	4
 636 0264 C0       		.byte	-64
 637 0265 F7       		.byte	-9
 638 0266 C2       		.byte	-62
 639 0267 7F       		.byte	127
 640 0268 C4       		.byte	-60
 641 0269 CF       		.byte	-49
 642 026a CA       		.byte	-54
 643 026b 0F       		.byte	15
 644 026c CC       		.byte	-52
 645 026d 0F       		.byte	15
 646 026e CE       		.byte	-50
 647 026f 2F       		.byte	47
 648 0270 D0       		.byte	-48
 649 0271 0F       		.byte	15
 650 0272 D2       		.byte	-46
 651 0273 04       		.byte	4
 652 0274 D6       		.byte	-42
 653 0275 81       		.byte	-127
 654 0276 D8       		.byte	-40
 655 0277 30       		.byte	48
 656 0278 EC       		.byte	-20
 657 0279 10       		.byte	16
 658 027a 7C       		.byte	124
 659 027b 20       		.byte	32
 660 027c DE       		.byte	-34
 661 027d 01       		.byte	1
 662 027e 9C       		.byte	-100
 663 027f 20       		.byte	32
 664 0280 45       		.byte	69
 665 0281 08       		.byte	8
 666 0282 9C       		.byte	-100
 667 0283 20       		.byte	32
 668 0284 D0       		.byte	-48
 669 0285 01       		.byte	1
 670 0286 9C       		.byte	-100
 671 0287 20       		.byte	32
 672 0288 A5       		.byte	-91
 673 0289 08       		.byte	8
 674 028a 25       		.byte	37
 675 028b 10       		.byte	16
 676 028c C8       		.byte	-56
 677 028d 20       		.byte	32
 678 028e B5       		.byte	-75
 679 028f 10       		.byte	16
 680 0290 A5       		.byte	-91
 681 0291 08       		.byte	8
 682 0292 B0       		.byte	-80
 683 0293 20       		.byte	32
 684 0294 E8       		.byte	-24
ARM GAS  C:\Users\hari\AppData\Local\Temp\ccwx4uH6.s 			page 13


 685 0295 01       		.byte	1
 686 0296 10       		.byte	16
 687 0297 80       		.byte	-128
 688 0298 73       		.byte	115
 689 0299 40       		.byte	64
 690 029a 88       		.byte	-120
 691 029b 80       		.byte	-128
 692 029c 8B       		.byte	-117
 693 029d 40       		.byte	64
 694 029e B5       		.byte	-75
 695 029f 08       		.byte	8
 696 02a0 C4       		.byte	-60
 697 02a1 08       		.byte	8
 698 02a2 DC       		.byte	-36
 699 02a3 01       		.byte	1
 700 02a4 E0       		.byte	-32
 701 02a5 04       		.byte	4
 702 02a6 E6       		.byte	-26
 703 02a7 01       		.byte	1
 704 02a8 EC       		.byte	-20
 705 02a9 08       		.byte	8
 706 02aa 10       		.byte	16
 707 02ab 02       		.byte	2
 708 02ac 1C       		.byte	28
 709 02ad 02       		.byte	2
 710 02ae 00       		.byte	0
 711 02af 00       		.byte	0
 712 02b0 00       		.byte	0
 713 02b1 10       		.byte	16
 714 02b2 00       		.byte	0
 715 02b3 00       		.byte	0
 716 02b4 33       		.byte	51
 717 02b5 18       		.byte	24
 718 02b6 0C       		.byte	12
 719 02b7 00       		.byte	0
 720 02b8 00       		.byte	0
 721 02b9 08       		.byte	8
 722 02ba 23       		.byte	35
 723 02bb 00       		.byte	0
 724 02bc 1C       		.byte	28
 725 02bd 44       		.byte	68
 726 02be 23       		.byte	35
 727 02bf 00       		.byte	0
 728 02c0 03       		.byte	3
 729 02c1 80       		.byte	-128
 730 02c2 40       		.byte	64
 731 02c3 00       		.byte	0
 732 02c4 1F       		.byte	31
 733 02c5 1C       		.byte	28
 734 02c6 20       		.byte	32
 735 02c7 E1       		.byte	-31
 736 02c8 3F       		.byte	63
 737 02c9 FF       		.byte	-1
 738 02ca 00       		.byte	0
 739 02cb 00       		.byte	0
 740 02cc 02       		.byte	2
 741 02cd 00       		.byte	0
ARM GAS  C:\Users\hari\AppData\Local\Temp\ccwx4uH6.s 			page 14


 742 02ce 80       		.byte	-128
 743 02cf 04       		.byte	4
 744 02d0 08       		.byte	8
 745 02d1 3C       		.byte	60
 746 02d2 00       		.byte	0
 747 02d3 C2       		.byte	-62
 748 02d4 04       		.byte	4
 749 02d5 00       		.byte	0
 750 02d6 00       		.byte	0
 751 02d7 E3       		.byte	-29
 752 02d8 0C       		.byte	12
 753 02d9 E7       		.byte	-25
 754 02da 00       		.byte	0
 755 02db 18       		.byte	24
 756 02dc 01       		.byte	1
 757 02dd C0       		.byte	-64
 758 02de 80       		.byte	-128
 759 02df 00       		.byte	0
 760 02e0 10       		.byte	16
 761 02e1 1F       		.byte	31
 762 02e2 2C       		.byte	44
 763 02e3 00       		.byte	0
 764 02e4 0F       		.byte	15
 765 02e5 38       		.byte	56
 766 02e6 C0       		.byte	-64
 767 02e7 C0       		.byte	-64
 768 02e8 00       		.byte	0
 769 02e9 00       		.byte	0
 770 02ea 28       		.byte	40
 771 02eb 0A       		.byte	10
 772 02ec 00       		.byte	0
 773 02ed 00       		.byte	0
 774 02ee 41       		.byte	65
 775 02ef 00       		.byte	0
 776 02f0 23       		.byte	35
 777 02f1 06       		.byte	6
 778 02f2 04       		.byte	4
 779 02f3 00       		.byte	0
 780 02f4 01       		.byte	1
 781 02f5 C0       		.byte	-64
 782 02f6 0E       		.byte	14
 783 02f7 00       		.byte	0
 784 02f8 06       		.byte	6
 785 02f9 FF       		.byte	-1
 786 02fa FF       		.byte	-1
 787 02fb FF       		.byte	-1
 788 02fc 62       		.byte	98
 789 02fd A0       		.byte	-96
 790 02fe F0       		.byte	-16
 791 02ff 41       		.byte	65
 792 0300 0C       		.byte	12
 793 0301 00       		.byte	0
 794 0302 00       		.byte	0
 795 0303 00       		.byte	0
 796 0304 00       		.byte	0
 797 0305 00       		.byte	0
 798 0306 02       		.byte	2
ARM GAS  C:\Users\hari\AppData\Local\Temp\ccwx4uH6.s 			page 15


 799 0307 13       		.byte	19
 800 0308 04       		.byte	4
 801 0309 04       		.byte	4
 802 030a 04       		.byte	4
 803 030b 04       		.byte	4
 804 030c 11       		.byte	17
 805 030d 11       		.byte	17
 806 030e 00       		.byte	0
 807 030f 01       		.byte	1
 808 0310 00       		.byte	0
 809 0311 00       		.byte	0
 810 0312 00       		.byte	0
 811 0313 00       		.byte	0
 812 0314 00       		.byte	0
 813 0315 00       		.byte	0
 814 0316 40       		.byte	64
 815 0317 02       		.byte	2
 816 0318 00       		.byte	0
 817 0319 10       		.byte	16
 818 031a 30       		.byte	48
 819 031b 10       		.byte	16
 820 031c 00       		.byte	0
 821 031d 10       		.byte	16
 822 031e 10       		.byte	16
 823 031f 12       		.byte	18
 824 0320 00       		.byte	0
 825 0321 00       		.byte	0
 826 0322 00       		.byte	0
 827 0323 00       		.byte	0
 828 0324 00       		.byte	0
 829 0325 00       		.byte	0
 830 0326 00       		.byte	0
 831 0327 00       		.byte	0
 832 0328 00       		.byte	0
 833 0329 00       		.byte	0
 834 032a 00       		.byte	0
 835 032b 00       		.byte	0
 836 032c 00       		.byte	0
 837 032d 00       		.byte	0
 838 032e 00       		.byte	0
 839 032f 00       		.byte	0
 840 0330 80       		.byte	-128
 841 0331 00       		.byte	0
 842 0332 40       		.byte	64
 843 0333 80       		.byte	-128
 844 0334 80       		.byte	-128
 845 0335 00       		.byte	0
 846 0336 80       		.byte	-128
 847 0337 00       		.byte	0
 848 0338 00       		.byte	0
 849 0339 00       		.byte	0
 850 033a 00       		.byte	0
 851 033b 00       		.byte	0
 852 033c 00       		.byte	0
 853 033d 02       		.byte	2
 854 033e 02       		.byte	2
 855 033f 00       		.byte	0
ARM GAS  C:\Users\hari\AppData\Local\Temp\ccwx4uH6.s 			page 16


 856 0340 00       		.byte	0
 857 0341 00       		.byte	0
 858 0342 01       		.byte	1
 859 0343 00       		.byte	0
 860 0344 95       		.byte	-107
 861 0345 00       		.byte	0
 862 0346 18       		.byte	24
 863 0347 01       		.byte	1
 864              		.global	cy_meta_custnvl
 865              		.section	.cycustnvl,"a",%progbits
 866              		.align	2
 867              		.type	cy_meta_custnvl, %object
 868              		.size	cy_meta_custnvl, 4
 869              	cy_meta_custnvl:
 870 0000 00       		.byte	0
 871 0001 00       		.byte	0
 872 0002 40       		.byte	64
 873 0003 05       		.byte	5
 874              		.global	cy_meta_wonvl
 875              		.section	.cywolatch,"a",%progbits
 876              		.align	2
 877              		.type	cy_meta_wonvl, %object
 878              		.size	cy_meta_wonvl, 4
 879              	cy_meta_wonvl:
 880 0000 BC       		.byte	-68
 881 0001 90       		.byte	-112
 882 0002 AC       		.byte	-84
 883 0003 AF       		.byte	-81
 884              		.global	cy_meta_flashprotect
 885              		.section	.cyflashprotect,"a",%progbits
 886              		.align	2
 887              		.type	cy_meta_flashprotect, %object
 888              		.size	cy_meta_flashprotect, 256
 889              	cy_meta_flashprotect:
 890 0000 00000000 		.space	256
 890      00000000 
 890      00000000 
 890      00000000 
 890      00000000 
 891              		.global	cy_metadata
 892              		.section	.cymeta,"a",%progbits
 893              		.align	2
 894              		.type	cy_metadata, %object
 895              		.size	cy_metadata, 12
 896              	cy_metadata:
 897 0000 00       		.byte	0
 898 0001 01       		.byte	1
 899 0002 2E       		.byte	46
 900 0003 16       		.byte	22
 901 0004 10       		.byte	16
 902 0005 69       		.byte	105
 903 0006 00       		.byte	0
 904 0007 01       		.byte	1
 905 0008 00       		.byte	0
 906 0009 00       		.byte	0
 907 000a 00       		.byte	0
 908 000b 00       		.byte	0
ARM GAS  C:\Users\hari\AppData\Local\Temp\ccwx4uH6.s 			page 17


 909              		.text
 910              	.Letext0:
 911              		.file 1 ".\\Generated_Source\\PSoC5\\cymetadata.c"
 912              		.file 2 ".\\Generated_Source\\PSoC5\\cytypes.h"
 913              		.section	.debug_info,"",%progbits
 914              	.Ldebug_info0:
 915 0000 36010000 		.4byte	0x136
 916 0004 0400     		.2byte	0x4
 917 0006 00000000 		.4byte	.Ldebug_abbrev0
 918 000a 04       		.byte	0x4
 919 000b 01       		.uleb128 0x1
 920 000c 00000000 		.4byte	.LASF18
 921 0010 01       		.byte	0x1
 922 0011 8E000000 		.4byte	.LASF19
 923 0015 F9000000 		.4byte	.LASF20
 924 0019 00000000 		.4byte	.Ldebug_line0
 925 001d 02       		.uleb128 0x2
 926 001e 01       		.byte	0x1
 927 001f 06       		.byte	0x6
 928 0020 D6010000 		.4byte	.LASF0
 929 0024 02       		.uleb128 0x2
 930 0025 01       		.byte	0x1
 931 0026 08       		.byte	0x8
 932 0027 C6000000 		.4byte	.LASF1
 933 002b 02       		.uleb128 0x2
 934 002c 02       		.byte	0x2
 935 002d 05       		.byte	0x5
 936 002e BD010000 		.4byte	.LASF2
 937 0032 02       		.uleb128 0x2
 938 0033 02       		.byte	0x2
 939 0034 07       		.byte	0x7
 940 0035 E6000000 		.4byte	.LASF3
 941 0039 02       		.uleb128 0x2
 942 003a 04       		.byte	0x4
 943 003b 05       		.byte	0x5
 944 003c CD010000 		.4byte	.LASF4
 945 0040 02       		.uleb128 0x2
 946 0041 04       		.byte	0x4
 947 0042 07       		.byte	0x7
 948 0043 D4000000 		.4byte	.LASF5
 949 0047 02       		.uleb128 0x2
 950 0048 08       		.byte	0x8
 951 0049 05       		.byte	0x5
 952 004a AA010000 		.4byte	.LASF6
 953 004e 02       		.uleb128 0x2
 954 004f 08       		.byte	0x8
 955 0050 07       		.byte	0x7
 956 0051 67010000 		.4byte	.LASF7
 957 0055 03       		.uleb128 0x3
 958 0056 04       		.byte	0x4
 959 0057 05       		.byte	0x5
 960 0058 696E7400 		.ascii	"int\000"
 961 005c 02       		.uleb128 0x2
 962 005d 04       		.byte	0x4
 963 005e 07       		.byte	0x7
 964 005f 5A010000 		.4byte	.LASF8
 965 0063 04       		.uleb128 0x4
ARM GAS  C:\Users\hari\AppData\Local\Temp\ccwx4uH6.s 			page 18


 966 0064 C7010000 		.4byte	.LASF21
 967 0068 02       		.byte	0x2
 968 0069 B3       		.byte	0xb3
 969 006a 24000000 		.4byte	0x24
 970 006e 02       		.uleb128 0x2
 971 006f 04       		.byte	0x4
 972 0070 04       		.byte	0x4
 973 0071 C0000000 		.4byte	.LASF9
 974 0075 02       		.uleb128 0x2
 975 0076 08       		.byte	0x8
 976 0077 04       		.byte	0x4
 977 0078 31010000 		.4byte	.LASF10
 978 007c 02       		.uleb128 0x2
 979 007d 01       		.byte	0x1
 980 007e 08       		.byte	0x8
 981 007f B8010000 		.4byte	.LASF11
 982 0083 05       		.uleb128 0x5
 983 0084 63000000 		.4byte	0x63
 984 0088 94000000 		.4byte	0x94
 985 008c 06       		.uleb128 0x6
 986 008d 94000000 		.4byte	0x94
 987 0091 4703     		.2byte	0x347
 988 0093 00       		.byte	0
 989 0094 02       		.uleb128 0x2
 990 0095 04       		.byte	0x4
 991 0096 07       		.byte	0x7
 992 0097 A1010000 		.4byte	.LASF12
 993 009b 07       		.uleb128 0x7
 994 009c 48010000 		.4byte	.LASF13
 995 00a0 01       		.byte	0x1
 996 00a1 1F       		.byte	0x1f
 997 00a2 AC000000 		.4byte	0xac
 998 00a6 05       		.uleb128 0x5
 999 00a7 03       		.byte	0x3
 1000 00a8 00000000 		.4byte	cy_meta_configecc
 1001 00ac 08       		.uleb128 0x8
 1002 00ad 83000000 		.4byte	0x83
 1003 00b1 05       		.uleb128 0x5
 1004 00b2 63000000 		.4byte	0x63
 1005 00b6 C1000000 		.4byte	0xc1
 1006 00ba 09       		.uleb128 0x9
 1007 00bb 94000000 		.4byte	0x94
 1008 00bf 03       		.byte	0x3
 1009 00c0 00       		.byte	0
 1010 00c1 07       		.uleb128 0x7
 1011 00c2 38010000 		.4byte	.LASF14
 1012 00c6 01       		.byte	0x1
 1013 00c7 95       		.byte	0x95
 1014 00c8 D2000000 		.4byte	0xd2
 1015 00cc 05       		.uleb128 0x5
 1016 00cd 03       		.byte	0x3
 1017 00ce 00000000 		.4byte	cy_meta_custnvl
 1018 00d2 08       		.uleb128 0x8
 1019 00d3 B1000000 		.4byte	0xb1
 1020 00d7 07       		.uleb128 0x7
 1021 00d8 93010000 		.4byte	.LASF15
 1022 00dc 01       		.byte	0x1
ARM GAS  C:\Users\hari\AppData\Local\Temp\ccwx4uH6.s 			page 19


 1023 00dd A3       		.byte	0xa3
 1024 00de E8000000 		.4byte	0xe8
 1025 00e2 05       		.uleb128 0x5
 1026 00e3 03       		.byte	0x3
 1027 00e4 00000000 		.4byte	cy_meta_wonvl
 1028 00e8 08       		.uleb128 0x8
 1029 00e9 B1000000 		.4byte	0xb1
 1030 00ed 05       		.uleb128 0x5
 1031 00ee 63000000 		.4byte	0x63
 1032 00f2 FD000000 		.4byte	0xfd
 1033 00f6 09       		.uleb128 0x9
 1034 00f7 94000000 		.4byte	0x94
 1035 00fb FF       		.byte	0xff
 1036 00fc 00       		.byte	0
 1037 00fd 07       		.uleb128 0x7
 1038 00fe 7E010000 		.4byte	.LASF16
 1039 0102 01       		.byte	0x1
 1040 0103 B1       		.byte	0xb1
 1041 0104 0E010000 		.4byte	0x10e
 1042 0108 05       		.uleb128 0x5
 1043 0109 03       		.byte	0x3
 1044 010a 00000000 		.4byte	cy_meta_flashprotect
 1045 010e 08       		.uleb128 0x8
 1046 010f ED000000 		.4byte	0xed
 1047 0113 05       		.uleb128 0x5
 1048 0114 63000000 		.4byte	0x63
 1049 0118 23010000 		.4byte	0x123
 1050 011c 09       		.uleb128 0x9
 1051 011d 94000000 		.4byte	0x94
 1052 0121 0B       		.byte	0xb
 1053 0122 00       		.byte	0
 1054 0123 07       		.uleb128 0x7
 1055 0124 B4000000 		.4byte	.LASF17
 1056 0128 01       		.byte	0x1
 1057 0129 DE       		.byte	0xde
 1058 012a 34010000 		.4byte	0x134
 1059 012e 05       		.uleb128 0x5
 1060 012f 03       		.byte	0x3
 1061 0130 00000000 		.4byte	cy_metadata
 1062 0134 08       		.uleb128 0x8
 1063 0135 13010000 		.4byte	0x113
 1064 0139 00       		.byte	0
 1065              		.section	.debug_abbrev,"",%progbits
 1066              	.Ldebug_abbrev0:
 1067 0000 01       		.uleb128 0x1
 1068 0001 11       		.uleb128 0x11
 1069 0002 01       		.byte	0x1
 1070 0003 25       		.uleb128 0x25
 1071 0004 0E       		.uleb128 0xe
 1072 0005 13       		.uleb128 0x13
 1073 0006 0B       		.uleb128 0xb
 1074 0007 03       		.uleb128 0x3
 1075 0008 0E       		.uleb128 0xe
 1076 0009 1B       		.uleb128 0x1b
 1077 000a 0E       		.uleb128 0xe
 1078 000b 10       		.uleb128 0x10
 1079 000c 17       		.uleb128 0x17
ARM GAS  C:\Users\hari\AppData\Local\Temp\ccwx4uH6.s 			page 20


 1080 000d 00       		.byte	0
 1081 000e 00       		.byte	0
 1082 000f 02       		.uleb128 0x2
 1083 0010 24       		.uleb128 0x24
 1084 0011 00       		.byte	0
 1085 0012 0B       		.uleb128 0xb
 1086 0013 0B       		.uleb128 0xb
 1087 0014 3E       		.uleb128 0x3e
 1088 0015 0B       		.uleb128 0xb
 1089 0016 03       		.uleb128 0x3
 1090 0017 0E       		.uleb128 0xe
 1091 0018 00       		.byte	0
 1092 0019 00       		.byte	0
 1093 001a 03       		.uleb128 0x3
 1094 001b 24       		.uleb128 0x24
 1095 001c 00       		.byte	0
 1096 001d 0B       		.uleb128 0xb
 1097 001e 0B       		.uleb128 0xb
 1098 001f 3E       		.uleb128 0x3e
 1099 0020 0B       		.uleb128 0xb
 1100 0021 03       		.uleb128 0x3
 1101 0022 08       		.uleb128 0x8
 1102 0023 00       		.byte	0
 1103 0024 00       		.byte	0
 1104 0025 04       		.uleb128 0x4
 1105 0026 16       		.uleb128 0x16
 1106 0027 00       		.byte	0
 1107 0028 03       		.uleb128 0x3
 1108 0029 0E       		.uleb128 0xe
 1109 002a 3A       		.uleb128 0x3a
 1110 002b 0B       		.uleb128 0xb
 1111 002c 3B       		.uleb128 0x3b
 1112 002d 0B       		.uleb128 0xb
 1113 002e 49       		.uleb128 0x49
 1114 002f 13       		.uleb128 0x13
 1115 0030 00       		.byte	0
 1116 0031 00       		.byte	0
 1117 0032 05       		.uleb128 0x5
 1118 0033 01       		.uleb128 0x1
 1119 0034 01       		.byte	0x1
 1120 0035 49       		.uleb128 0x49
 1121 0036 13       		.uleb128 0x13
 1122 0037 01       		.uleb128 0x1
 1123 0038 13       		.uleb128 0x13
 1124 0039 00       		.byte	0
 1125 003a 00       		.byte	0
 1126 003b 06       		.uleb128 0x6
 1127 003c 21       		.uleb128 0x21
 1128 003d 00       		.byte	0
 1129 003e 49       		.uleb128 0x49
 1130 003f 13       		.uleb128 0x13
 1131 0040 2F       		.uleb128 0x2f
 1132 0041 05       		.uleb128 0x5
 1133 0042 00       		.byte	0
 1134 0043 00       		.byte	0
 1135 0044 07       		.uleb128 0x7
 1136 0045 34       		.uleb128 0x34
ARM GAS  C:\Users\hari\AppData\Local\Temp\ccwx4uH6.s 			page 21


 1137 0046 00       		.byte	0
 1138 0047 03       		.uleb128 0x3
 1139 0048 0E       		.uleb128 0xe
 1140 0049 3A       		.uleb128 0x3a
 1141 004a 0B       		.uleb128 0xb
 1142 004b 3B       		.uleb128 0x3b
 1143 004c 0B       		.uleb128 0xb
 1144 004d 49       		.uleb128 0x49
 1145 004e 13       		.uleb128 0x13
 1146 004f 3F       		.uleb128 0x3f
 1147 0050 19       		.uleb128 0x19
 1148 0051 02       		.uleb128 0x2
 1149 0052 18       		.uleb128 0x18
 1150 0053 00       		.byte	0
 1151 0054 00       		.byte	0
 1152 0055 08       		.uleb128 0x8
 1153 0056 26       		.uleb128 0x26
 1154 0057 00       		.byte	0
 1155 0058 49       		.uleb128 0x49
 1156 0059 13       		.uleb128 0x13
 1157 005a 00       		.byte	0
 1158 005b 00       		.byte	0
 1159 005c 09       		.uleb128 0x9
 1160 005d 21       		.uleb128 0x21
 1161 005e 00       		.byte	0
 1162 005f 49       		.uleb128 0x49
 1163 0060 13       		.uleb128 0x13
 1164 0061 2F       		.uleb128 0x2f
 1165 0062 0B       		.uleb128 0xb
 1166 0063 00       		.byte	0
 1167 0064 00       		.byte	0
 1168 0065 00       		.byte	0
 1169              		.section	.debug_aranges,"",%progbits
 1170 0000 14000000 		.4byte	0x14
 1171 0004 0200     		.2byte	0x2
 1172 0006 00000000 		.4byte	.Ldebug_info0
 1173 000a 04       		.byte	0x4
 1174 000b 00       		.byte	0
 1175 000c 0000     		.2byte	0
 1176 000e 0000     		.2byte	0
 1177 0010 00000000 		.4byte	0
 1178 0014 00000000 		.4byte	0
 1179              		.section	.debug_line,"",%progbits
 1180              	.Ldebug_line0:
 1181 0000 4F000000 		.section	.debug_str,"MS",%progbits,1
 1181      02004900 
 1181      00000201 
 1181      FB0E0D00 
 1181      01010101 
 1182              	.LASF18:
 1183 0000 474E5520 		.ascii	"GNU C 4.9.3 20150303 (release) [ARM/embedded-4_9-br"
 1183      4320342E 
 1183      392E3320 
 1183      32303135 
 1183      30333033 
 1184 0033 616E6368 		.ascii	"anch revision 221220] -mcpu=cortex-m3 -mthumb -g -O"
 1184      20726576 
ARM GAS  C:\Users\hari\AppData\Local\Temp\ccwx4uH6.s 			page 22


 1184      6973696F 
 1184      6E203232 
 1184      31323230 
 1185 0066 30202D66 		.ascii	"0 -ffunction-sections -ffat-lto-objects\000"
 1185      66756E63 
 1185      74696F6E 
 1185      2D736563 
 1185      74696F6E 
 1186              	.LASF19:
 1187 008e 2E5C4765 		.ascii	".\\Generated_Source\\PSoC5\\cymetadata.c\000"
 1187      6E657261 
 1187      7465645F 
 1187      536F7572 
 1187      63655C50 
 1188              	.LASF17:
 1189 00b4 63795F6D 		.ascii	"cy_metadata\000"
 1189      65746164 
 1189      61746100 
 1190              	.LASF9:
 1191 00c0 666C6F61 		.ascii	"float\000"
 1191      7400
 1192              	.LASF1:
 1193 00c6 756E7369 		.ascii	"unsigned char\000"
 1193      676E6564 
 1193      20636861 
 1193      7200
 1194              	.LASF5:
 1195 00d4 6C6F6E67 		.ascii	"long unsigned int\000"
 1195      20756E73 
 1195      69676E65 
 1195      6420696E 
 1195      7400
 1196              	.LASF3:
 1197 00e6 73686F72 		.ascii	"short unsigned int\000"
 1197      7420756E 
 1197      7369676E 
 1197      65642069 
 1197      6E7400
 1198              	.LASF20:
 1199 00f9 453A5C70 		.ascii	"E:\\psoc\\CE95277 ADC and UART\\CE95277 ADC and UAR"
 1199      736F635C 
 1199      43453935 
 1199      32373720 
 1199      41444320 
 1200 0129 542E6379 		.ascii	"T.cydsn\000"
 1200      64736E00 
 1201              	.LASF10:
 1202 0131 646F7562 		.ascii	"double\000"
 1202      6C6500
 1203              	.LASF14:
 1204 0138 63795F6D 		.ascii	"cy_meta_custnvl\000"
 1204      6574615F 
 1204      63757374 
 1204      6E766C00 
 1205              	.LASF13:
 1206 0148 63795F6D 		.ascii	"cy_meta_configecc\000"
 1206      6574615F 
ARM GAS  C:\Users\hari\AppData\Local\Temp\ccwx4uH6.s 			page 23


 1206      636F6E66 
 1206      69676563 
 1206      6300
 1207              	.LASF8:
 1208 015a 756E7369 		.ascii	"unsigned int\000"
 1208      676E6564 
 1208      20696E74 
 1208      00
 1209              	.LASF7:
 1210 0167 6C6F6E67 		.ascii	"long long unsigned int\000"
 1210      206C6F6E 
 1210      6720756E 
 1210      7369676E 
 1210      65642069 
 1211              	.LASF16:
 1212 017e 63795F6D 		.ascii	"cy_meta_flashprotect\000"
 1212      6574615F 
 1212      666C6173 
 1212      6870726F 
 1212      74656374 
 1213              	.LASF15:
 1214 0193 63795F6D 		.ascii	"cy_meta_wonvl\000"
 1214      6574615F 
 1214      776F6E76 
 1214      6C00
 1215              	.LASF12:
 1216 01a1 73697A65 		.ascii	"sizetype\000"
 1216      74797065 
 1216      00
 1217              	.LASF6:
 1218 01aa 6C6F6E67 		.ascii	"long long int\000"
 1218      206C6F6E 
 1218      6720696E 
 1218      7400
 1219              	.LASF11:
 1220 01b8 63686172 		.ascii	"char\000"
 1220      00
 1221              	.LASF2:
 1222 01bd 73686F72 		.ascii	"short int\000"
 1222      7420696E 
 1222      7400
 1223              	.LASF21:
 1224 01c7 75696E74 		.ascii	"uint8\000"
 1224      3800
 1225              	.LASF4:
 1226 01cd 6C6F6E67 		.ascii	"long int\000"
 1226      20696E74 
 1226      00
 1227              	.LASF0:
 1228 01d6 7369676E 		.ascii	"signed char\000"
 1228      65642063 
 1228      68617200 
 1229              		.ident	"GCC: (GNU Tools for ARM Embedded Processors) 4.9.3 20150303 (release) [ARM/embedded-4_9-br
